<?xml version="1.0" encoding="UTF-8"?>
<coverage generated="1771701853933" clover="3.2.0">
  <project timestamp="1771701853933" name="All files">
    <metrics statements="536" coveredstatements="510" conditionals="326" coveredconditionals="269" methods="148" coveredmethods="120" elements="1010" coveredelements="899" complexity="0" loc="536" ncloc="536" packages="3" files="12" classes="12"/>
    <package name="components">
      <metrics statements="256" coveredstatements="230" conditionals="209" coveredconditionals="173" methods="84" coveredmethods="60"/>
      <file name="DayTabs.vue" path="/Users/chefski/Documents/dev/travelWeb/components/DayTabs.vue">
        <metrics statements="9" coveredstatements="9" conditionals="8" coveredconditionals="7" methods="4" coveredmethods="4"/>
        <line num="1" count="1" type="stmt"/>
        <line num="5" count="4" type="stmt"/>
        <line num="8" count="36" type="stmt"/>
        <line num="9" count="36" type="stmt"/>
        <line num="13" count="12" type="stmt"/>
        <line num="18" count="12" type="cond" truecount="1" falsecount="1"/>
        <line num="19" count="36" type="stmt"/>
        <line num="29" count="1" type="stmt"/>
        <line num="31" count="1" type="stmt"/>
      </file>
      <file name="PlaceCard.vue" path="/Users/chefski/Documents/dev/travelWeb/components/PlaceCard.vue">
        <metrics statements="12" coveredstatements="12" conditionals="10" coveredconditionals="10" methods="4" coveredmethods="4"/>
        <line num="1" count="2" type="stmt"/>
        <line num="12" count="8" type="stmt"/>
        <line num="19" count="8" type="stmt"/>
        <line num="25" count="1" type="cond" truecount="2" falsecount="0"/>
        <line num="26" count="1" type="cond" truecount="4" falsecount="0"/>
        <line num="27" count="1" type="stmt"/>
        <line num="30" count="2" type="stmt"/>
        <line num="31" count="2" type="stmt"/>
        <line num="32" count="2" type="stmt"/>
        <line num="34" count="7" type="stmt"/>
        <line num="42" count="1" type="cond" truecount="2" falsecount="0"/>
        <line num="44" count="8" type="stmt"/>
      </file>
      <file name="PlaceList.vue" path="/Users/chefski/Documents/dev/travelWeb/components/PlaceList.vue">
        <metrics statements="15" coveredstatements="14" conditionals="12" coveredconditionals="11" methods="8" coveredmethods="8"/>
        <line num="1" count="1" type="cond" truecount="2" falsecount="0"/>
        <line num="9" count="5" type="stmt"/>
        <line num="11" count="5" type="stmt"/>
        <line num="13" count="5" type="stmt"/>
        <line num="15" count="5" type="stmt"/>
        <line num="16" count="17" type="stmt"/>
        <line num="18" count="17" type="cond" truecount="1" falsecount="1"/>
        <line num="23" count="5" type="stmt"/>
        <line num="26" count="1" type="stmt"/>
        <line num="30" count="1" type="stmt"/>
        <line num="35" count="17" type="cond" truecount="2" falsecount="0"/>
        <line num="37" count="0" type="stmt"/>
        <line num="43" count="31" type="stmt"/>
        <line num="44" count="16" type="stmt"/>
        <line num="49" count="1" type="cond" truecount="2" falsecount="0"/>
      </file>
      <file name="PlaceSearch.vue" path="/Users/chefski/Documents/dev/travelWeb/components/PlaceSearch.vue">
        <metrics statements="28" coveredstatements="28" conditionals="25" coveredconditionals="17" methods="6" coveredmethods="6"/>
        <line num="1" count="1" type="stmt"/>
        <line num="9" count="7" type="stmt"/>
        <line num="11" count="7" type="stmt"/>
        <line num="12" count="7" type="stmt"/>
        <line num="13" count="7" type="stmt"/>
        <line num="16" count="1" type="stmt"/>
        <line num="17" count="1" type="stmt"/>
        <line num="18" count="1" type="stmt"/>
        <line num="22" count="2" type="stmt"/>
        <line num="23" count="2" type="cond" truecount="4" falsecount="0"/>
        <line num="25" count="1" type="stmt"/>
        <line num="26" count="1" type="cond" truecount="1" falsecount="1"/>
        <line num="31" count="2" type="stmt"/>
        <line num="39" count="2" type="stmt"/>
        <line num="40" count="2" type="stmt"/>
        <line num="41" count="2" type="stmt"/>
        <line num="43" count="2" type="stmt"/>
        <line num="44" count="2" type="cond" truecount="2" falsecount="0"/>
        <line num="45" count="1" type="stmt"/>
        <line num="50" count="1" type="stmt"/>
        <line num="51" count="1" type="stmt"/>
        <line num="57" count="34" type="stmt"/>
        <line num="58" count="1" type="stmt"/>
        <line num="65" count="4" type="cond" truecount="2" falsecount="0"/>
        <line num="78" count="13" type="stmt"/>
        <line num="82" count="2" type="stmt"/>
        <line num="84" count="1" type="stmt"/>
        <line num="85" count="1" type="stmt"/>
      </file>
      <file name="TripEditDialog.vue" path="/Users/chefski/Documents/dev/travelWeb/components/TripEditDialog.vue">
        <metrics statements="76" coveredstatements="65" conditionals="70" coveredconditionals="58" methods="27" coveredmethods="16"/>
        <line num="1" count="1" type="cond" truecount="6" falsecount="2"/>
        <line num="21" count="15" type="stmt"/>
        <line num="23" count="15" type="stmt"/>
        <line num="24" count="15" type="stmt"/>
        <line num="26" count="15" type="stmt"/>
        <line num="27" count="15" type="stmt"/>
        <line num="31" count="15" type="stmt"/>
        <line num="32" count="15" type="stmt"/>
        <line num="33" count="15" type="stmt"/>
        <line num="34" count="15" type="stmt"/>
        <line num="37" count="30" type="stmt"/>
        <line num="38" count="30" type="stmt"/>
        <line num="41" count="15" type="stmt"/>
        <line num="42" count="18" type="cond" truecount="4" falsecount="0"/>
        <line num="43" count="15" type="stmt"/>
        <line num="44" count="15" type="stmt"/>
        <line num="48" count="15" type="cond" truecount="2" falsecount="0"/>
        <line num="49" count="15" type="cond" truecount="2" falsecount="0"/>
        <line num="54" count="3" type="stmt"/>
        <line num="55" count="3" type="stmt"/>
        <line num="56" count="3" type="cond" truecount="1" falsecount="1"/>
        <line num="58" count="3" type="cond" truecount="2" falsecount="0"/>
        <line num="59" count="1" type="stmt"/>
        <line num="60" count="1" type="stmt"/>
        <line num="63" count="2" type="stmt"/>
        <line num="64" count="2" type="stmt"/>
        <line num="65" count="2" type="stmt"/>
        <line num="66" count="1" type="stmt"/>
        <line num="67" count="1" type="stmt"/>
        <line num="69" count="1" type="stmt"/>
        <line num="71" count="2" type="stmt"/>
        <line num="76" count="1" type="stmt"/>
        <line num="77" count="1" type="stmt"/>
        <line num="78" count="1" type="cond" truecount="1" falsecount="1"/>
        <line num="81" count="15" type="stmt"/>
        <line num="82" count="6" type="cond" truecount="4" falsecount="0"/>
        <line num="83" count="3" type="stmt"/>
        <line num="87" count="15" type="stmt"/>
        <line num="88" count="35" type="cond" truecount="3" falsecount="0"/>
        <line num="92" count="6" type="cond" truecount="1" falsecount="1"/>
        <line num="93" count="6" type="stmt"/>
        <line num="97" count="3" type="cond" truecount="1" falsecount="1"/>
        <line num="98" count="3" type="stmt"/>
        <line num="99" count="3" type="stmt"/>
        <line num="102" count="15" type="stmt"/>
        <line num="103" count="3" type="cond" truecount="4" falsecount="0"/>
        <line num="104" count="1" type="stmt"/>
        <line num="106" count="2" type="cond" truecount="2" falsecount="0"/>
        <line num="107" count="1" type="stmt"/>
        <line num="109" count="1" type="stmt"/>
        <line num="113" count="4" type="cond" truecount="2" falsecount="0"/>
        <line num="114" count="3" type="stmt"/>
        <line num="120" count="4" type="stmt"/>
        <line num="121" count="4" type="stmt"/>
        <line num="126" count="33" type="stmt"/>
        <line num="129" count="15" type="cond" truecount="2" falsecount="0"/>
        <line num="130" count="15" type="cond" truecount="2" falsecount="0"/>
        <line num="131" count="42" type="stmt"/>
        <line num="133" count="1" type="stmt"/>
        <line num="134" count="1" type="stmt"/>
        <line num="136" count="0" type="stmt"/>
        <line num="139" count="1" type="stmt"/>
        <line num="144" count="0" type="stmt"/>
        <line num="146" count="0" type="stmt"/>
        <line num="147" count="0" type="stmt"/>
        <line num="150" count="0" type="stmt"/>
        <line num="153" count="0" type="stmt"/>
        <line num="158" count="1" type="stmt"/>
        <line num="170" count="0" type="stmt"/>
        <line num="174" count="1" type="stmt"/>
        <line num="178" count="0" type="cond" truecount="2" falsecount="0"/>
        <line num="179" count="0" type="stmt"/>
        <line num="182" count="0" type="stmt"/>
        <line num="194" count="34" type="cond" truecount="2" falsecount="2"/>
        <line num="197" count="0" type="cond" truecount="0" falsecount="2"/>
        <line num="199" count="33" type="stmt"/>
      </file>
      <file name="TripHeader.vue" path="/Users/chefski/Documents/dev/travelWeb/components/TripHeader.vue">
        <metrics statements="35" coveredstatements="31" conditionals="20" coveredconditionals="17" methods="11" coveredmethods="7"/>
        <line num="1" count="1" type="stmt"/>
        <line num="9" count="12" type="stmt"/>
        <line num="10" count="12" type="stmt"/>
        <line num="12" count="12" type="stmt"/>
        <line num="23" count="12" type="stmt"/>
        <line num="24" count="78" type="stmt"/>
        <line num="25" count="78" type="cond" truecount="2" falsecount="0"/>
        <line num="28" count="12" type="stmt"/>
        <line num="29" count="57" type="cond" truecount="1" falsecount="1"/>
        <line num="30" count="57" type="stmt"/>
        <line num="31" count="57" type="stmt"/>
        <line num="32" count="2052" type="stmt"/>
        <line num="34" count="57" type="stmt"/>
        <line num="37" count="12" type="stmt"/>
        <line num="38" count="78" type="cond" truecount="1" falsecount="1"/>
        <line num="39" count="78" type="stmt"/>
        <line num="40" count="156" type="stmt"/>
        <line num="41" count="156" type="stmt"/>
        <line num="43" count="78" type="stmt"/>
        <line num="48" count="78" type="cond" truecount="1" falsecount="1"/>
        <line num="54" count="0" type="cond" truecount="2" falsecount="0"/>
        <line num="55" count="1" type="cond" truecount="4" falsecount="0"/>
        <line num="56" count="1" type="stmt"/>
        <line num="69" count="1" type="stmt"/>
        <line num="70" count="1" type="stmt"/>
        <line num="75" count="1" type="stmt"/>
        <line num="76" count="1" type="stmt"/>
        <line num="77" count="1" type="stmt"/>
        <line num="78" count="1" type="stmt"/>
        <line num="79" count="0" type="stmt"/>
        <line num="80" count="1" type="cond" truecount="2" falsecount="0"/>
        <line num="81" count="0" type="stmt"/>
        <line num="83" count="1" type="cond" truecount="2" falsecount="0"/>
        <line num="84" count="0" type="stmt"/>
        <line num="88" count="1" type="stmt"/>
      </file>
      <file name="TripSetupDialog.vue" path="/Users/chefski/Documents/dev/travelWeb/components/TripSetupDialog.vue">
        <metrics statements="73" coveredstatements="63" conditionals="60" coveredconditionals="50" methods="23" coveredmethods="14"/>
        <line num="1" count="1" type="cond" truecount="6" falsecount="2"/>
        <line num="21" count="15" type="stmt"/>
        <line num="22" count="15" type="stmt"/>
        <line num="24" count="15" type="stmt"/>
        <line num="25" count="15" type="stmt"/>
        <line num="27" count="15" type="stmt"/>
        <line num="28" count="15" type="stmt"/>
        <line num="32" count="15" type="stmt"/>
        <line num="33" count="15" type="stmt"/>
        <line num="34" count="15" type="stmt"/>
        <line num="35" count="15" type="stmt"/>
        <line num="38" count="3" type="stmt"/>
        <line num="39" count="3" type="stmt"/>
        <line num="40" count="3" type="cond" truecount="1" falsecount="1"/>
        <line num="42" count="3" type="cond" truecount="2" falsecount="0"/>
        <line num="43" count="1" type="stmt"/>
        <line num="44" count="1" type="stmt"/>
        <line num="47" count="2" type="stmt"/>
        <line num="48" count="2" type="stmt"/>
        <line num="49" count="2" type="stmt"/>
        <line num="50" count="1" type="stmt"/>
        <line num="51" count="1" type="stmt"/>
        <line num="53" count="1" type="stmt"/>
        <line num="55" count="2" type="stmt"/>
        <line num="60" count="1" type="stmt"/>
        <line num="61" count="1" type="stmt"/>
        <line num="62" count="1" type="cond" truecount="1" falsecount="1"/>
        <line num="65" count="15" type="stmt"/>
        <line num="66" count="8" type="cond" truecount="4" falsecount="0"/>
        <line num="67" count="3" type="stmt"/>
        <line num="71" count="15" type="stmt"/>
        <line num="72" count="23" type="cond" truecount="3" falsecount="0"/>
        <line num="76" count="8" type="cond" truecount="1" falsecount="1"/>
        <line num="77" count="8" type="stmt"/>
        <line num="81" count="3" type="cond" truecount="1" falsecount="1"/>
        <line num="82" count="3" type="stmt"/>
        <line num="83" count="3" type="stmt"/>
        <line num="86" count="15" type="stmt"/>
        <line num="87" count="3" type="cond" truecount="4" falsecount="0"/>
        <line num="88" count="1" type="stmt"/>
        <line num="90" count="2" type="cond" truecount="2" falsecount="0"/>
        <line num="91" count="1" type="stmt"/>
        <line num="93" count="1" type="stmt"/>
        <line num="97" count="5" type="cond" truecount="2" falsecount="0"/>
        <line num="98" count="4" type="stmt"/>
        <line num="104" count="5" type="stmt"/>
        <line num="105" count="5" type="stmt"/>
        <line num="106" count="5" type="stmt"/>
        <line num="107" count="5" type="stmt"/>
        <line num="108" count="5" type="cond" truecount="2" falsecount="0"/>
        <line num="109" count="4" type="stmt"/>
        <line num="110" count="4" type="stmt"/>
        <line num="115" count="19" type="stmt"/>
        <line num="118" count="15" type="cond" truecount="2" falsecount="0"/>
        <line num="119" count="15" type="cond" truecount="2" falsecount="0"/>
        <line num="120" count="30" type="stmt"/>
        <line num="122" count="1" type="stmt"/>
        <line num="123" count="1" type="stmt"/>
        <line num="125" count="0" type="stmt"/>
        <line num="128" count="1" type="stmt"/>
        <line num="133" count="0" type="stmt"/>
        <line num="135" count="0" type="stmt"/>
        <line num="136" count="0" type="stmt"/>
        <line num="139" count="0" type="stmt"/>
        <line num="142" count="0" type="stmt"/>
        <line num="147" count="1" type="stmt"/>
        <line num="159" count="0" type="stmt"/>
        <line num="163" count="1" type="stmt"/>
        <line num="167" count="0" type="cond" truecount="2" falsecount="0"/>
        <line num="168" count="0" type="stmt"/>
        <line num="171" count="0" type="stmt"/>
        <line num="185" count="23" type="cond" truecount="0" falsecount="2"/>
        <line num="187" count="19" type="stmt"/>
      </file>
      <file name="worldMap.vue" path="/Users/chefski/Documents/dev/travelWeb/components/worldMap.vue">
        <metrics statements="8" coveredstatements="8" conditionals="4" coveredconditionals="3" methods="1" coveredmethods="1"/>
        <line num="6" count="2" type="stmt"/>
        <line num="7" count="2" type="cond" truecount="1" falsecount="1"/>
        <line num="9" count="2" type="stmt"/>
        <line num="10" count="2" type="stmt"/>
        <line num="11" count="2" type="stmt"/>
        <line num="13" count="2" type="stmt"/>
        <line num="21" count="2" type="stmt"/>
        <line num="25" count="2" type="stmt"/>
      </file>
    </package>
    <package name="composables">
      <metrics statements="231" coveredstatements="231" conditionals="89" coveredconditionals="72" methods="46" coveredmethods="42"/>
      <file name="useImageUpload.ts" path="/Users/chefski/Documents/dev/travelWeb/composables/useImageUpload.ts">
        <metrics statements="21" coveredstatements="21" conditionals="4" coveredconditionals="4" methods="5" coveredmethods="5"/>
        <line num="3" count="3" type="stmt"/>
        <line num="4" count="3" type="stmt"/>
        <line num="5" count="3" type="stmt"/>
        <line num="6" count="3" type="stmt"/>
        <line num="7" count="3" type="stmt"/>
        <line num="8" count="3" type="stmt"/>
        <line num="9" count="3" type="stmt"/>
        <line num="10" count="3" type="stmt"/>
        <line num="12" count="3" type="cond" truecount="2" falsecount="0"/>
        <line num="13" count="1" type="stmt"/>
        <line num="14" count="1" type="stmt"/>
        <line num="17" count="3" type="stmt"/>
        <line num="18" count="3" type="stmt"/>
        <line num="19" count="3" type="stmt"/>
        <line num="20" count="3" type="stmt"/>
        <line num="21" count="3" type="stmt"/>
        <line num="23" count="3" type="stmt"/>
        <line num="24" count="3" type="stmt"/>
        <line num="26" count="3" type="stmt"/>
        <line num="27" count="3" type="stmt"/>
        <line num="31" count="4" type="stmt"/>
      </file>
      <file name="useMapMarkers.ts" path="/Users/chefski/Documents/dev/travelWeb/composables/useMapMarkers.ts">
        <metrics statements="178" coveredstatements="178" conditionals="77" coveredconditionals="62" methods="36" coveredmethods="32"/>
        <line num="28" count="2" type="stmt"/>
        <line num="29" count="2" type="stmt"/>
        <line num="32" count="68" type="stmt"/>
        <line num="36" count="57" type="stmt"/>
        <line num="40" count="8" type="stmt"/>
        <line num="41" count="9" type="stmt"/>
        <line num="42" count="1" type="stmt"/>
        <line num="43" count="9" type="stmt"/>
        <line num="44" count="8" type="cond" truecount="2" falsecount="0"/>
        <line num="45" count="7" type="cond" truecount="1" falsecount="2"/>
        <line num="47" count="1" type="stmt"/>
        <line num="48" count="1" type="stmt"/>
        <line num="49" count="1" type="stmt"/>
        <line num="50" count="2" type="stmt"/>
        <line num="51" count="2" type="stmt"/>
        <line num="52" count="2" type="stmt"/>
        <line num="53" count="2" type="stmt"/>
        <line num="55" count="1" type="stmt"/>
        <line num="62" count="13" type="cond" truecount="2" falsecount="0"/>
        <line num="63" count="12" type="stmt"/>
        <line num="64" count="12" type="stmt"/>
        <line num="65" count="12" type="stmt"/>
        <line num="66" count="14" type="stmt"/>
        <line num="67" count="14" type="stmt"/>
        <line num="68" count="14" type="stmt"/>
        <line num="69" count="14" type="cond" truecount="2" falsecount="0"/>
        <line num="71" count="12" type="stmt"/>
        <line num="75" count="26" type="stmt"/>
        <line num="76" count="26" type="stmt"/>
        <line num="77" count="26" type="stmt"/>
        <line num="78" count="26" type="stmt"/>
        <line num="79" count="26" type="stmt"/>
        <line num="80" count="26" type="stmt"/>
        <line num="85" count="25" type="cond" truecount="2" falsecount="0"/>
        <line num="86" count="21" type="stmt"/>
        <line num="90" count="30" type="stmt"/>
        <line num="92" count="25" type="stmt"/>
        <line num="93" count="25" type="stmt"/>
        <line num="94" count="25" type="cond" truecount="1" falsecount="1"/>
        <line num="95" count="25" type="cond" truecount="1" falsecount="1"/>
        <line num="104" count="24" type="cond" truecount="2" falsecount="0"/>
        <line num="105" count="21" type="stmt"/>
        <line num="106" count="21" type="stmt"/>
        <line num="107" count="21" type="stmt"/>
        <line num="108" count="21" type="stmt"/>
        <line num="112" count="21" type="cond" truecount="2" falsecount="0"/>
        <line num="113" count="1" type="stmt"/>
        <line num="114" count="1" type="stmt"/>
        <line num="115" count="1" type="stmt"/>
        <line num="119" count="6" type="cond" truecount="1" falsecount="1"/>
        <line num="120" count="6" type="stmt"/>
        <line num="121" count="6" type="stmt"/>
        <line num="122" count="6" type="stmt"/>
        <line num="132" count="27" type="stmt"/>
        <line num="133" count="27" type="stmt"/>
        <line num="134" count="27" type="stmt"/>
        <line num="135" count="27" type="stmt"/>
        <line num="136" count="27" type="stmt"/>
        <line num="139" count="27" type="stmt"/>
        <line num="155" count="27" type="stmt"/>
        <line num="157" count="27" type="stmt"/>
        <line num="158" count="27" type="stmt"/>
        <line num="159" count="27" type="stmt"/>
        <line num="164" count="5" type="stmt"/>
        <line num="165" count="5" type="stmt"/>
        <line num="166" count="5" type="stmt"/>
        <line num="167" count="5" type="stmt"/>
        <line num="170" count="5" type="stmt"/>
        <line num="180" count="5" type="stmt"/>
        <line num="181" count="5" type="stmt"/>
        <line num="196" count="5" type="stmt"/>
        <line num="197" count="5" type="stmt"/>
        <line num="198" count="5" type="stmt"/>
        <line num="199" count="5" type="stmt"/>
        <line num="202" count="5" type="stmt"/>
        <line num="212" count="5" type="stmt"/>
        <line num="213" count="5" type="stmt"/>
        <line num="215" count="5" type="stmt"/>
        <line num="221" count="32" type="stmt"/>
        <line num="223" count="32" type="cond" truecount="2" falsecount="0"/>
        <line num="224" count="5" type="stmt"/>
        <line num="225" count="5" type="stmt"/>
        <line num="227" count="5" type="stmt"/>
        <line num="228" count="1" type="cond" truecount="3" falsecount="1"/>
        <line num="229" count="1" type="stmt"/>
        <line num="230" count="1" type="stmt"/>
        <line num="233" count="5" type="stmt"/>
        <line num="236" count="27" type="stmt"/>
        <line num="237" count="27" type="stmt"/>
        <line num="238" count="27" type="stmt"/>
        <line num="244" count="27" type="stmt"/>
        <line num="248" count="34" type="cond" truecount="2" falsecount="0"/>
        <line num="249" count="29" type="stmt"/>
        <line num="257" count="15" type="stmt"/>
        <line num="258" count="15" type="stmt"/>
        <line num="259" count="15" type="cond" truecount="1" falsecount="1"/>
        <line num="263" count="10" type="stmt"/>
        <line num="264" count="10" type="stmt"/>
        <line num="265" count="10" type="stmt"/>
        <line num="269" count="5" type="cond" truecount="1" falsecount="1"/>
        <line num="270" count="5" type="stmt"/>
        <line num="271" count="5" type="stmt"/>
        <line num="272" count="5" type="stmt"/>
        <line num="282" count="5" type="cond" truecount="1" falsecount="1"/>
        <line num="283" count="5" type="stmt"/>
        <line num="284" count="5" type="stmt"/>
        <line num="285" count="5" type="stmt"/>
        <line num="292" count="5" type="stmt"/>
        <line num="296" count="27" type="cond" truecount="2" falsecount="0"/>
        <line num="297" count="3" type="stmt"/>
        <line num="307" count="2" type="cond" truecount="1" falsecount="1"/>
        <line num="308" count="2" type="stmt"/>
        <line num="315" count="2" type="stmt"/>
        <line num="321" count="30" type="stmt"/>
        <line num="322" count="30" type="cond" truecount="3" falsecount="1"/>
        <line num="324" count="30" type="stmt"/>
        <line num="325" count="30" type="cond" truecount="2" falsecount="0"/>
        <line num="326" count="29" type="stmt"/>
        <line num="329" count="29" type="stmt"/>
        <line num="330" count="29" type="stmt"/>
        <line num="333" count="29" type="stmt"/>
        <line num="334" count="29" type="stmt"/>
        <line num="335" count="34" type="stmt"/>
        <line num="339" count="29" type="stmt"/>
        <line num="340" count="29" type="stmt"/>
        <line num="341" count="29" type="cond" truecount="2" falsecount="0"/>
        <line num="342" count="32" type="cond" truecount="1" falsecount="1"/>
        <line num="345" count="29" type="stmt"/>
        <line num="346" count="29" type="stmt"/>
        <line num="347" count="29" type="stmt"/>
        <line num="348" count="7" type="cond" truecount="2" falsecount="0"/>
        <line num="350" count="29" type="stmt"/>
        <line num="351" count="32" type="cond" truecount="2" falsecount="0"/>
        <line num="355" count="29" type="stmt"/>
        <line num="356" count="7" type="stmt"/>
        <line num="357" count="7" type="stmt"/>
        <line num="358" count="7" type="cond" truecount="4" falsecount="0"/>
        <line num="359" count="5" type="stmt"/>
        <line num="360" count="5" type="cond" truecount="1" falsecount="1"/>
        <line num="362" count="2" type="stmt"/>
        <line num="367" count="29" type="stmt"/>
        <line num="368" count="32" type="stmt"/>
        <line num="369" count="32" type="stmt"/>
        <line num="370" count="32" type="stmt"/>
        <line num="371" count="32" type="cond" truecount="4" falsecount="0"/>
        <line num="372" count="5" type="stmt"/>
        <line num="373" count="5" type="cond" truecount="1" falsecount="1"/>
        <line num="375" count="27" type="stmt"/>
        <line num="377" count="32" type="stmt"/>
        <line num="384" count="25" type="stmt"/>
        <line num="385" count="25" type="stmt"/>
        <line num="388" count="25" type="stmt"/>
        <line num="389" count="25" type="stmt"/>
        <line num="390" count="24" type="stmt"/>
        <line num="391" count="49" type="stmt"/>
        <line num="404" count="25" type="stmt"/>
        <line num="406" count="25" type="cond" truecount="2" falsecount="0"/>
        <line num="407" count="24" type="stmt"/>
        <line num="410" count="24" type="stmt"/>
        <line num="411" count="24" type="stmt"/>
        <line num="414" count="24" type="cond" truecount="2" falsecount="0"/>
        <line num="415" count="23" type="stmt"/>
        <line num="416" count="23" type="stmt"/>
        <line num="417" count="23" type="stmt"/>
        <line num="418" count="1" type="cond" truecount="1" falsecount="1"/>
        <line num="419" count="1" type="stmt"/>
        <line num="420" count="1" type="stmt"/>
        <line num="421" count="1" type="stmt"/>
        <line num="422" count="1" type="stmt"/>
        <line num="428" count="2" type="stmt"/>
        <line num="432" count="4" type="cond" truecount="4" falsecount="0"/>
        <line num="433" count="2" type="cond" truecount="2" falsecount="0"/>
        <line num="434" count="1" type="stmt"/>
        <line num="435" count="1" type="stmt"/>
        <line num="437" count="1" type="stmt"/>
        <line num="438" count="2" type="stmt"/>
        <line num="439" count="1" type="stmt"/>
        <line num="442" count="26" type="stmt"/>
      </file>
      <file name="useMapboxSearch.ts" path="/Users/chefski/Documents/dev/travelWeb/composables/useMapboxSearch.ts">
        <metrics statements="32" coveredstatements="32" conditionals="8" coveredconditionals="6" methods="5" coveredmethods="5"/>
        <line num="6" count="8" type="stmt"/>
        <line num="7" count="8" type="stmt"/>
        <line num="8" count="8" type="stmt"/>
        <line num="9" count="8" type="stmt"/>
        <line num="11" count="8" type="stmt"/>
        <line num="12" count="8" type="cond" truecount="1" falsecount="1"/>
        <line num="15" count="5" type="cond" truecount="4" falsecount="0"/>
        <line num="16" count="1" type="stmt"/>
        <line num="17" count="1" type="stmt"/>
        <line num="19" count="4" type="stmt"/>
        <line num="20" count="4" type="stmt"/>
        <line num="21" count="4" type="stmt"/>
        <line num="27" count="4" type="stmt"/>
        <line num="28" count="3" type="stmt"/>
        <line num="29" count="3" type="cond" truecount="1" falsecount="1"/>
        <line num="31" count="1" type="stmt"/>
        <line num="32" count="1" type="stmt"/>
        <line num="34" count="4" type="stmt"/>
        <line num="38" count="8" type="stmt"/>
        <line num="41" count="5" type="stmt"/>
        <line num="42" count="5" type="stmt"/>
        <line num="46" count="4" type="stmt"/>
        <line num="47" count="4" type="stmt"/>
        <line num="51" count="4" type="stmt"/>
        <line num="52" count="3" type="stmt"/>
        <line num="53" count="3" type="stmt"/>
        <line num="54" count="3" type="stmt"/>
        <line num="56" count="1" type="stmt"/>
        <line num="57" count="1" type="stmt"/>
        <line num="62" count="1" type="stmt"/>
        <line num="63" count="1" type="stmt"/>
        <line num="66" count="8" type="stmt"/>
      </file>
    </package>
    <package name="stores">
      <metrics statements="49" coveredstatements="49" conditionals="28" coveredconditionals="24" methods="18" coveredmethods="18"/>
      <file name="tripStore.ts" path="/Users/chefski/Documents/dev/travelWeb/stores/tripStore.ts">
        <metrics statements="49" coveredstatements="49" conditionals="28" coveredconditionals="24" methods="18" coveredmethods="18"/>
        <line num="6" count="10" type="stmt"/>
        <line num="7" count="83" type="stmt"/>
        <line num="8" count="626" type="stmt"/>
        <line num="11" count="83" type="stmt"/>
        <line num="13" count="83" type="stmt"/>
        <line num="14" count="219" type="cond" truecount="3" falsecount="1"/>
        <line num="15" count="219" type="cond" truecount="1" falsecount="1"/>
        <line num="18" count="83" type="stmt"/>
        <line num="19" count="6" type="cond" truecount="2" falsecount="0"/>
        <line num="20" count="12" type="stmt"/>
        <line num="24" count="72" type="stmt"/>
        <line num="25" count="72" type="stmt"/>
        <line num="26" count="72" type="stmt"/>
        <line num="27" count="72" type="stmt"/>
        <line num="28" count="72" type="stmt"/>
        <line num="29" count="684" type="stmt"/>
        <line num="34" count="684" type="stmt"/>
        <line num="36" count="72" type="stmt"/>
        <line num="40" count="64" type="stmt"/>
        <line num="41" count="64" type="stmt"/>
        <line num="49" count="64" type="stmt"/>
        <line num="53" count="10" type="stmt"/>
        <line num="57" count="184" type="cond" truecount="4" falsecount="0"/>
        <line num="58" count="183" type="stmt"/>
        <line num="63" count="183" type="stmt"/>
        <line num="64" count="183" type="stmt"/>
        <line num="68" count="5" type="cond" truecount="2" falsecount="0"/>
        <line num="69" count="4" type="stmt"/>
        <line num="70" count="8" type="stmt"/>
        <line num="71" count="4" type="stmt"/>
        <line num="72" count="4" type="stmt"/>
        <line num="76" count="5" type="cond" truecount="1" falsecount="1"/>
        <line num="77" count="58" type="stmt"/>
        <line num="78" count="5" type="stmt"/>
        <line num="82" count="9" type="cond" truecount="2" falsecount="0"/>
        <line num="84" count="8" type="stmt"/>
        <line num="85" count="8" type="stmt"/>
        <line num="86" count="37" type="stmt"/>
        <line num="89" count="8" type="stmt"/>
        <line num="90" count="32" type="stmt"/>
        <line num="91" count="32" type="cond" truecount="2" falsecount="0"/>
        <line num="94" count="8" type="stmt"/>
        <line num="103" count="9" type="cond" truecount="2" falsecount="0"/>
        <line num="104" count="2" type="stmt"/>
        <line num="109" count="23" type="stmt"/>
        <line num="110" count="23" type="stmt"/>
        <line num="113" count="83" type="stmt"/>
        <line num="128" count="10" type="cond" truecount="1" falsecount="1"/>
        <line num="129" count="10" type="stmt"/>
      </file>
    </package>
  </project>
</coverage>
