{"/Users/chefski/Documents/dev/travelWeb/components/DayTabs.vue": {"path":"/Users/chefski/Documents/dev/travelWeb/components/DayTabs.vue","statementMap":{"0":{"start":{"line":5,"column":6},"end":{"line":5,"column":null}},"1":{"start":{"line":8,"column":15},"end":{"line":8,"column":null}},"2":{"start":{"line":9,"column":2},"end":{"line":9,"column":null}},"3":{"start":{"line":13,"column":2},"end":{"line":13,"column":null}},"4":{"start":{"line":1,"column":0},"end":{"line":1,"column":null}},"5":{"start":{"line":31,"column":12},"end":{"line":31,"column":34}},"6":{"start":{"line":18,"column":13},"end":{"line":1,"column":null}},"7":{"start":{"line":19,"column":4},"end":{"line":1,"column":null}},"8":{"start":{"line":29,"column":14},"end":{"line":29,"column":null}}},"fnMap":{"0":{"name":"formatShortDate","decl":{"start":{"line":7,"column":9},"end":{"line":7,"column":25}},"loc":{"start":{"line":7,"column":50},"end":{"line":10,"column":null}},"line":7},"1":{"name":"getColor","decl":{"start":{"line":12,"column":9},"end":{"line":12,"column":18}},"loc":{"start":{"line":12,"column":41},"end":{"line":14,"column":null}},"line":12},"2":{"name":"(anonymous_2)","decl":{"start":{"line":1,"column":0},"end":{"line":1,"column":null}},"loc":{"start":{"line":20,"column":24},"end":{"line":1,"column":null}},"line":20},"3":{"name":"(anonymous_3)","decl":{"start":{"line":29,"column":12},"end":{"line":29,"column":14}},"loc":{"start":{"line":29,"column":14},"end":{"line":29,"column":null}},"line":29}},"branchMap":{"0":{"loc":{"start":{"line":18,"column":13},"end":{"line":1,"column":null}},"type":"cond-expr","locations":[{"start":{"line":18,"column":19},"end":{"line":1,"column":null}},{"start":{"line":1,"column":0},"end":{"line":1,"column":null}}],"line":18},"1":{"loc":{"start":{"line":25,"column":14},"end":{"line":25,"column":null}},"type":"cond-expr","locations":[{"start":{"line":25,"column":30},"end":{"line":25,"column":null}},{"start":{"line":25,"column":30},"end":{"line":25,"column":null}}],"line":25},"2":{"loc":{"start":{"line":28,"column":14},"end":{"line":28,"column":null}},"type":"cond-expr","locations":[{"start":{"line":28,"column":46},"end":{"line":28,"column":null}},{"start":{"line":28,"column":82},"end":{"line":28,"column":null}}],"line":28},"3":{"loc":{"start":{"line":32,"column":36},"end":{"line":32,"column":null}},"type":"cond-expr","locations":[{"start":{"line":32,"column":68},"end":{"line":32,"column":null}},{"start":{"line":32,"column":68},"end":{"line":32,"column":null}}],"line":32}},"s":{"0":4,"1":36,"2":36,"3":12,"4":1,"5":1,"6":12,"7":36,"8":1},"f":{"0":36,"1":12,"2":36,"3":1},"b":{"0":[12,0],"1":[12,24],"2":[12,24],"3":[12,24]},"meta":{"lastBranch":4,"lastFunction":4,"lastStatement":9,"seen":{"s:5:6:5:Infinity":0,"f:7:9:7:25":0,"s:8:15:8:Infinity":1,"s:9:2:9:Infinity":2,"f:12:9:12:18":1,"s:13:2:13:Infinity":3,"s:1:0:1:Infinity":4,"s:31:12:31:34":5,"s:18:13:1:Infinity":6,"b:18:19:1:Infinity:1:0:1:Infinity":0,"f:1:0:1:Infinity":2,"s:19:4:1:Infinity":7,"b:25:30:25:Infinity:25:30:25:Infinity":1,"b:28:46:28:Infinity:28:82:28:Infinity":2,"f:29:12:29:14":3,"s:29:14:29:Infinity":8,"b:32:68:32:Infinity:32:68:32:Infinity":3}}}
,"/Users/chefski/Documents/dev/travelWeb/components/PlaceCard.vue": {"path":"/Users/chefski/Documents/dev/travelWeb/components/PlaceCard.vue","statementMap":{"0":{"start":{"line":12,"column":13},"end":{"line":12,"column":null}},"1":{"start":{"line":1,"column":0},"end":{"line":1,"column":null}},"2":{"start":{"line":30,"column":9},"end":{"line":30,"column":null}},"3":{"start":{"line":31,"column":9},"end":{"line":31,"column":49}},"4":{"start":{"line":32,"column":9},"end":{"line":32,"column":59}},"5":{"start":{"line":19,"column":2},"end":{"line":1,"column":null}},"6":{"start":{"line":25,"column":12},"end":{"line":25,"column":null}},"7":{"start":{"line":26,"column":20},"end":{"line":26,"column":null}},"8":{"start":{"line":27,"column":28},"end":{"line":27,"column":null}},"9":{"start":{"line":34,"column":28},"end":{"line":34,"column":28}},"10":{"start":{"line":42,"column":19},"end":{"line":42,"column":null}},"11":{"start":{"line":44,"column":31},"end":{"line":44,"column":31}}},"fnMap":{"0":{"name":"(anonymous_0)","decl":{"start":{"line":25,"column":10},"end":{"line":25,"column":12}},"loc":{"start":{"line":25,"column":12},"end":{"line":25,"column":null}},"line":25},"1":{"name":"(anonymous_1)","decl":{"start":{"line":1,"column":0},"end":{"line":1,"column":null}},"loc":{"start":{"line":26,"column":20},"end":{"line":26,"column":null}},"line":26},"2":{"name":"(anonymous_2)","decl":{"start":{"line":34,"column":8},"end":{"line":34,"column":11}},"loc":{"start":{"line":34,"column":28},"end":{"line":34,"column":28}},"line":34},"3":{"name":"(anonymous_3)","decl":{"start":{"line":44,"column":6},"end":{"line":44,"column":13}},"loc":{"start":{"line":44,"column":31},"end":{"line":44,"column":31}},"line":44}},"branchMap":{"0":{"loc":{"start":{"line":25,"column":10},"end":{"line":25,"column":null}},"type":"binary-expr","locations":[{"start":{"line":25,"column":10},"end":{"line":25,"column":12}},{"start":{"line":25,"column":10},"end":{"line":25,"column":null}}],"line":25},"1":{"loc":{"start":{"line":26,"column":12},"end":{"line":26,"column":null}},"type":"binary-expr","locations":[{"start":{"line":26,"column":12},"end":{"line":26,"column":20}},{"start":{"line":26,"column":12},"end":{"line":26,"column":null}}],"line":26},"2":{"loc":{"start":{"line":26,"column":39},"end":{"line":27,"column":null}},"type":"binary-expr","locations":[{"start":{"line":26,"column":39},"end":{"line":26,"column":null}},{"start":{"line":26,"column":39},"end":{"line":27,"column":null}}],"line":26},"3":{"loc":{"start":{"line":33,"column":19},"end":{"line":1,"column":null}},"type":"cond-expr","locations":[{"start":{"line":33,"column":25},"end":{"line":1,"column":null}},{"start":{"line":1,"column":0},"end":{"line":1,"column":null}}],"line":33},"4":{"loc":{"start":{"line":42,"column":12},"end":{"line":42,"column":null}},"type":"binary-expr","locations":[{"start":{"line":42,"column":12},"end":{"line":42,"column":19}},{"start":{"line":42,"column":12},"end":{"line":42,"column":null}}],"line":42}},"s":{"0":8,"1":2,"2":2,"3":2,"4":2,"5":8,"6":1,"7":1,"8":1,"9":7,"10":1,"11":8},"f":{"0":1,"1":3,"2":7,"3":8},"b":{"0":[8,8],"1":[8,8],"2":[8,8],"3":[7,1],"4":[8,8]},"meta":{"lastBranch":5,"lastFunction":4,"lastStatement":12,"seen":{"s:12:13:12:Infinity":0,"s:1:0:1:Infinity":1,"s:30:9:30:Infinity":2,"s:31:9:31:49":3,"s:32:9:32:59":4,"s:19:2:1:Infinity":5,"b:25:10:25:12:25:10:25:Infinity":0,"f:25:10:25:12":0,"s:25:12:25:Infinity":6,"b:26:12:26:20:26:12:26:Infinity":1,"f:1:0:1:Infinity":1,"s:26:20:26:Infinity":7,"b:26:39:26:Infinity:26:39:27:Infinity":2,"s:27:28:27:Infinity":8,"b:33:25:1:Infinity:1:0:1:Infinity":3,"f:34:8:34:11":2,"s:34:28:34:28":9,"b:42:12:42:19:42:12:42:Infinity":4,"s:42:19:42:Infinity":10,"f:44:6:44:13":3,"s:44:31:44:31":11}}}
,"/Users/chefski/Documents/dev/travelWeb/components/PlaceList.vue": {"path":"/Users/chefski/Documents/dev/travelWeb/components/PlaceList.vue","statementMap":{"0":{"start":{"line":9,"column":13},"end":{"line":9,"column":null}},"1":{"start":{"line":11,"column":6},"end":{"line":11,"column":null}},"2":{"start":{"line":13,"column":6},"end":{"line":13,"column":null}},"3":{"start":{"line":15,"column":0},"end":{"line":21,"column":null}},"4":{"start":{"line":16,"column":8},"end":{"line":16,"column":null}},"5":{"start":{"line":18,"column":4},"end":{"line":18,"column":null}},"6":{"start":{"line":23,"column":6},"end":{"line":23,"column":null}},"7":{"start":{"line":23,"column":32},"end":{"line":23,"column":86}},"8":{"start":{"line":26,"column":2},"end":{"line":26,"column":null}},"9":{"start":{"line":30,"column":2},"end":{"line":30,"column":null}},"10":{"start":{"line":1,"column":0},"end":{"line":1,"column":null}},"11":{"start":{"line":35,"column":13},"end":{"line":57,"column":54}},"12":{"start":{"line":37,"column":15},"end":{"line":37,"column":null}},"13":{"start":{"line":44,"column":36},"end":{"line":49,"column":null}},"14":{"start":{"line":43,"column":6},"end":{"line":49,"column":null}},"15":{"start":{"line":49,"column":16},"end":{"line":49,"column":null}}},"fnMap":{"0":{"name":"(anonymous_0)","decl":{"start":{"line":16,"column":2},"end":{"line":16,"column":8}},"loc":{"start":{"line":16,"column":8},"end":{"line":16,"column":null}},"line":16},"1":{"name":"(anonymous_1)","decl":{"start":{"line":17,"column":2},"end":{"line":17,"column":3}},"loc":{"start":{"line":17,"column":17},"end":{"line":19,"column":null}},"line":17},"2":{"name":"(anonymous_2)","decl":{"start":{"line":23,"column":26},"end":{"line":23,"column":32}},"loc":{"start":{"line":23,"column":32},"end":{"line":23,"column":86}},"line":23},"3":{"name":"onDragEnd","decl":{"start":{"line":25,"column":9},"end":{"line":25,"column":21}},"loc":{"start":{"line":25,"column":21},"end":{"line":27,"column":null}},"line":25},"4":{"name":"onRemovePlace","decl":{"start":{"line":29,"column":9},"end":{"line":29,"column":23}},"loc":{"start":{"line":29,"column":40},"end":{"line":31,"column":null}},"line":29},"5":{"name":"(anonymous_5)","decl":{"start":{"line":1,"column":0},"end":{"line":1,"column":null}},"loc":{"start":{"line":37,"column":15},"end":{"line":37,"column":null}},"line":37},"6":{"name":"(anonymous_6)","decl":{"start":{"line":44,"column":8},"end":{"line":44,"column":15}},"loc":{"start":{"line":44,"column":36},"end":{"line":49,"column":null}},"line":44},"7":{"name":"(anonymous_7)","decl":{"start":{"line":49,"column":14},"end":{"line":49,"column":16}},"loc":{"start":{"line":49,"column":16},"end":{"line":49,"column":null}},"line":49}},"branchMap":{"0":{"loc":{"start":{"line":18,"column":29},"end":{"line":18,"column":45}},"type":"binary-expr","locations":[{"start":{"line":18,"column":29},"end":{"line":18,"column":42}},{"start":{"line":18,"column":42},"end":{"line":18,"column":45}}],"line":18},"1":{"loc":{"start":{"line":35,"column":13},"end":{"line":57,"column":54}},"type":"cond-expr","locations":[{"start":{"line":35,"column":31},"end":{"line":54,"column":14}},{"start":{"line":54,"column":2},"end":{"line":57,"column":54}}],"line":35},"2":{"loc":{"start":{"line":1,"column":0},"end":{"line":37,"column":null}},"type":"binary-expr","locations":[{"start":{"line":1,"column":0},"end":{"line":1,"column":null}},{"start":{"line":1,"column":0},"end":{"line":37,"column":null}}],"line":1},"3":{"loc":{"start":{"line":49,"column":14},"end":{"line":49,"column":null}},"type":"binary-expr","locations":[{"start":{"line":49,"column":14},"end":{"line":49,"column":16}},{"start":{"line":49,"column":14},"end":{"line":49,"column":null}}],"line":49},"4":{"loc":{"start":{"line":55,"column":47},"end":{"line":56,"column":46}},"type":"binary-expr","locations":[{"start":{"line":55,"column":47},"end":{"line":55,"column":50}},{"start":{"line":55,"column":47},"end":{"line":56,"column":46}}],"line":55},"5":{"loc":{"start":{"line":56,"column":42},"end":{"line":57,"column":54}},"type":"binary-expr","locations":[{"start":{"line":56,"column":42},"end":{"line":56,"column":46}},{"start":{"line":56,"column":42},"end":{"line":57,"column":54}}],"line":56}},"s":{"0":5,"1":5,"2":5,"3":5,"4":17,"5":17,"6":5,"7":5,"8":1,"9":1,"10":1,"11":17,"12":0,"13":16,"14":31,"15":1},"f":{"0":17,"1":17,"2":5,"3":1,"4":1,"5":31,"6":16,"7":1},"b":{"0":[17,0],"1":[16,1],"2":[16,5],"3":[31,5],"4":[1,1],"5":[1,1]},"meta":{"lastBranch":6,"lastFunction":8,"lastStatement":16,"seen":{"s:9:13:9:Infinity":0,"s:11:6:11:Infinity":1,"s:13:6:13:Infinity":2,"s:15:0:21:Infinity":3,"f:16:2:16:8":0,"s:16:8:16:Infinity":4,"f:17:2:17:3":1,"s:18:4:18:Infinity":5,"b:18:29:18:42:18:42:18:45":0,"s:23:6:23:Infinity":6,"f:23:26:23:32":2,"s:23:32:23:86":7,"f:25:9:25:21":3,"s:26:2:26:Infinity":8,"f:29:9:29:23":4,"s:30:2:30:Infinity":9,"s:1:0:1:Infinity":10,"s:35:13:57:54":11,"b:35:31:54:14:54:2:57:54":1,"b:1:0:1:Infinity:1:0:37:Infinity":2,"f:1:0:1:Infinity":5,"s:37:15:37:Infinity":12,"f:44:8:44:15":6,"s:44:36:49:Infinity":13,"s:43:6:49:Infinity":14,"b:49:14:49:16:49:14:49:Infinity":3,"f:49:14:49:16":7,"s:49:16:49:Infinity":15,"b:55:47:55:50:55:47:56:46":4,"b:56:42:56:46:56:42:57:54":5}}}
,"/Users/chefski/Documents/dev/travelWeb/components/PlaceSearch.vue": {"path":"/Users/chefski/Documents/dev/travelWeb/components/PlaceSearch.vue","statementMap":{"0":{"start":{"line":9,"column":13},"end":{"line":9,"column":null}},"1":{"start":{"line":11,"column":6},"end":{"line":11,"column":null}},"2":{"start":{"line":12,"column":81},"end":{"line":12,"column":null}},"3":{"start":{"line":13,"column":6},"end":{"line":13,"column":null}},"4":{"start":{"line":16,"column":17},"end":{"line":16,"column":null}},"5":{"start":{"line":17,"column":2},"end":{"line":17,"column":null}},"6":{"start":{"line":18,"column":2},"end":{"line":18,"column":null}},"7":{"start":{"line":22,"column":17},"end":{"line":22,"column":null}},"8":{"start":{"line":23,"column":2},"end":{"line":23,"column":null}},"9":{"start":{"line":23,"column":43},"end":{"line":23,"column":null}},"10":{"start":{"line":25,"column":18},"end":{"line":25,"column":null}},"11":{"start":{"line":26,"column":35},"end":{"line":29,"column":null}},"12":{"start":{"line":31,"column":49},"end":{"line":37,"column":null}},"13":{"start":{"line":39,"column":2},"end":{"line":39,"column":null}},"14":{"start":{"line":40,"column":2},"end":{"line":40,"column":null}},"15":{"start":{"line":41,"column":2},"end":{"line":41,"column":null}},"16":{"start":{"line":43,"column":21},"end":{"line":43,"column":null}},"17":{"start":{"line":44,"column":2},"end":{"line":46,"column":null}},"18":{"start":{"line":45,"column":4},"end":{"line":45,"column":null}},"19":{"start":{"line":50,"column":2},"end":{"line":52,"column":null}},"20":{"start":{"line":51,"column":4},"end":{"line":51,"column":null}},"21":{"start":{"line":57,"column":7},"end":{"line":57,"column":null}},"22":{"start":{"line":58,"column":9},"end":{"line":58,"column":null}},"23":{"start":{"line":1,"column":0},"end":{"line":1,"column":null}},"24":{"start":{"line":84,"column":11},"end":{"line":84,"column":51}},"25":{"start":{"line":85,"column":11},"end":{"line":85,"column":61}},"26":{"start":{"line":57,"column":2},"end":{"line":1,"column":null}},"27":{"start":{"line":65,"column":16},"end":{"line":65,"column":null}},"28":{"start":{"line":78,"column":6},"end":{"line":1,"column":null}},"29":{"start":{"line":82,"column":28},"end":{"line":82,"column":null}}},"fnMap":{"0":{"name":"handleInput","decl":{"start":{"line":15,"column":9},"end":{"line":15,"column":21}},"loc":{"start":{"line":15,"column":35},"end":{"line":19,"column":null}},"line":15},"1":{"name":"onSelectSuggestion","decl":{"start":{"line":21,"column":15},"end":{"line":21,"column":34}},"loc":{"start":{"line":21,"column":64},"end":{"line":47,"column":null}},"line":21},"2":{"name":"handleBlur","decl":{"start":{"line":49,"column":9},"end":{"line":49,"column":22}},"loc":{"start":{"line":49,"column":22},"end":{"line":53,"column":null}},"line":49},"3":{"name":"(anonymous_3)","decl":{"start":{"line":50,"column":13},"end":{"line":50,"column":19}},"loc":{"start":{"line":50,"column":19},"end":{"line":52,"column":5}},"line":50},"4":{"name":"(anonymous_4)","decl":{"start":{"line":65,"column":14},"end":{"line":65,"column":16}},"loc":{"start":{"line":65,"column":16},"end":{"line":65,"column":null}},"line":65},"5":{"name":"(anonymous_5)","decl":{"start":{"line":1,"column":0},"end":{"line":1,"column":null}},"loc":{"start":{"line":79,"column":25},"end":{"line":1,"column":null}},"line":79}},"branchMap":{"0":{"loc":{"start":{"line":23,"column":2},"end":{"line":23,"column":null}},"type":"if","locations":[{"start":{"line":23,"column":2},"end":{"line":23,"column":null}},{"start":{},"end":{}}],"line":23},"1":{"loc":{"start":{"line":23,"column":6},"end":{"line":23,"column":43}},"type":"binary-expr","locations":[{"start":{"line":23,"column":6},"end":{"line":23,"column":17}},{"start":{"line":23,"column":17},"end":{"line":23,"column":43}}],"line":23},"2":{"loc":{"start":{"line":26,"column":35},"end":{"line":29,"column":null}},"type":"binary-expr","locations":[{"start":{"line":26,"column":35},"end":{"line":26,"column":68}},{"start":{"line":26,"column":68},"end":{"line":29,"column":null}}],"line":26},"3":{"loc":{"start":{"line":27,"column":4},"end":{"line":27,"column":null}},"type":"binary-expr","locations":[{"start":{"line":27,"column":4},"end":{"line":27,"column":49}},{"start":{"line":27,"column":49},"end":{"line":27,"column":null}}],"line":27},"4":{"loc":{"start":{"line":28,"column":4},"end":{"line":28,"column":null}},"type":"binary-expr","locations":[{"start":{"line":28,"column":4},"end":{"line":28,"column":48}},{"start":{"line":28,"column":48},"end":{"line":28,"column":null}}],"line":28},"5":{"loc":{"start":{"line":34,"column":13},"end":{"line":34,"column":null}},"type":"binary-expr","locations":[{"start":{"line":34,"column":13},"end":{"line":34,"column":43}},{"start":{"line":34,"column":43},"end":{"line":34,"column":78}},{"start":{"line":34,"column":78},"end":{"line":34,"column":null}}],"line":34},"6":{"loc":{"start":{"line":35,"column":14},"end":{"line":35,"column":null}},"type":"binary-expr","locations":[{"start":{"line":35,"column":14},"end":{"line":35,"column":41}},{"start":{"line":35,"column":41},"end":{"line":35,"column":null}}],"line":35},"7":{"loc":{"start":{"line":44,"column":2},"end":{"line":46,"column":null}},"type":"if","locations":[{"start":{"line":44,"column":2},"end":{"line":46,"column":null}},{"start":{},"end":{}}],"line":44},"8":{"loc":{"start":{"line":65,"column":14},"end":{"line":65,"column":null}},"type":"binary-expr","locations":[{"start":{"line":65,"column":14},"end":{"line":65,"column":16}},{"start":{"line":65,"column":14},"end":{"line":65,"column":null}}],"line":65},"9":{"loc":{"start":{"line":69,"column":14},"end":{"line":1,"column":null}},"type":"cond-expr","locations":[{"start":{"line":69,"column":14},"end":{"line":70,"column":null}},{"start":{"line":70,"column":14},"end":{"line":1,"column":null}}],"line":69},"10":{"loc":{"start":{"line":75,"column":12},"end":{"line":1,"column":null}},"type":"cond-expr","locations":[{"start":{"line":75,"column":46},"end":{"line":1,"column":null}},{"start":{"line":1,"column":0},"end":{"line":1,"column":null}}],"line":75},"11":{"loc":{"start":{"line":75,"column":12},"end":{"line":75,"column":null}},"type":"binary-expr","locations":[{"start":{"line":75,"column":12},"end":{"line":75,"column":28}},{"start":{"line":75,"column":28},"end":{"line":75,"column":null}}],"line":75}},"s":{"0":7,"1":7,"2":7,"3":7,"4":1,"5":1,"6":1,"7":2,"8":2,"9":1,"10":1,"11":1,"12":2,"13":2,"14":2,"15":2,"16":2,"17":2,"18":1,"19":1,"20":1,"21":1,"22":1,"23":1,"24":1,"25":1,"26":34,"27":4,"28":13,"29":2},"f":{"0":1,"1":2,"2":1,"3":1,"4":4,"5":15},"b":{"0":[1,1],"1":[2,2],"2":[1,0],"3":[0,0],"4":[0,0],"5":[2,0,0],"6":[2,0],"7":[1,1],"8":[34,7],"9":[2,32],"10":[12,22],"11":[34,22]},"meta":{"lastBranch":12,"lastFunction":6,"lastStatement":30,"seen":{"s:9:13:9:Infinity":0,"s:11:6:11:Infinity":1,"s:12:81:12:Infinity":2,"s:13:6:13:Infinity":3,"f:15:9:15:21":0,"s:16:17:16:Infinity":4,"s:17:2:17:Infinity":5,"s:18:2:18:Infinity":6,"f:21:15:21:34":1,"s:22:17:22:Infinity":7,"b:23:2:23:Infinity:undefined:undefined:undefined:undefined":0,"s:23:2:23:Infinity":8,"b:23:6:23:17:23:17:23:43":1,"s:23:43:23:Infinity":9,"s:25:18:25:Infinity":10,"s:26:35:29:Infinity":11,"b:26:35:26:68:26:68:29:Infinity":2,"b:27:4:27:49:27:49:27:Infinity":3,"b:28:4:28:48:28:48:28:Infinity":4,"s:31:49:37:Infinity":12,"b:34:13:34:43:34:43:34:78:34:78:34:Infinity":5,"b:35:14:35:41:35:41:35:Infinity":6,"s:39:2:39:Infinity":13,"s:40:2:40:Infinity":14,"s:41:2:41:Infinity":15,"s:43:21:43:Infinity":16,"b:44:2:46:Infinity:undefined:undefined:undefined:undefined":7,"s:44:2:46:Infinity":17,"s:45:4:45:Infinity":18,"f:49:9:49:22":2,"s:50:2:52:Infinity":19,"f:50:13:50:19":3,"s:51:4:51:Infinity":20,"s:57:7:57:Infinity":21,"s:58:9:58:Infinity":22,"s:1:0:1:Infinity":23,"s:84:11:84:51":24,"s:85:11:85:61":25,"s:57:2:1:Infinity":26,"b:65:14:65:16:65:14:65:Infinity":8,"f:65:14:65:16":4,"s:65:16:65:Infinity":27,"b:69:14:70:Infinity:70:14:1:Infinity":9,"b:75:46:1:Infinity:1:0:1:Infinity":10,"b:75:12:75:28:75:28:75:Infinity":11,"f:1:0:1:Infinity":5,"s:78:6:1:Infinity":28,"s:82:28:82:Infinity":29}}}
,"/Users/chefski/Documents/dev/travelWeb/components/TripEditDialog.vue": {"path":"/Users/chefski/Documents/dev/travelWeb/components/TripEditDialog.vue","statementMap":{"0":{"start":{"line":21,"column":6},"end":{"line":21,"column":null}},"1":{"start":{"line":23,"column":6},"end":{"line":23,"column":null}},"2":{"start":{"line":24,"column":20},"end":{"line":24,"column":null}},"3":{"start":{"line":26,"column":6},"end":{"line":26,"column":null}},"4":{"start":{"line":27,"column":6},"end":{"line":30,"column":null}},"5":{"start":{"line":31,"column":6},"end":{"line":31,"column":null}},"6":{"start":{"line":32,"column":6},"end":{"line":32,"column":null}},"7":{"start":{"line":33,"column":6},"end":{"line":33,"column":null}},"8":{"start":{"line":34,"column":6},"end":{"line":34,"column":null}},"9":{"start":{"line":37,"column":20},"end":{"line":37,"column":null}},"10":{"start":{"line":38,"column":2},"end":{"line":38,"column":null}},"11":{"start":{"line":41,"column":0},"end":{"line":51,"column":null}},"12":{"start":{"line":42,"column":2},"end":{"line":50,"column":null}},"13":{"start":{"line":43,"column":4},"end":{"line":43,"column":null}},"14":{"start":{"line":44,"column":4},"end":{"line":47,"column":null}},"15":{"start":{"line":48,"column":4},"end":{"line":48,"column":null}},"16":{"start":{"line":49,"column":4},"end":{"line":49,"column":null}},"17":{"start":{"line":54,"column":16},"end":{"line":54,"column":null}},"18":{"start":{"line":55,"column":15},"end":{"line":55,"column":null}},"19":{"start":{"line":56,"column":2},"end":{"line":56,"column":null}},"20":{"start":{"line":56,"column":13},"end":{"line":56,"column":null}},"21":{"start":{"line":58,"column":2},"end":{"line":61,"column":null}},"22":{"start":{"line":59,"column":4},"end":{"line":59,"column":null}},"23":{"start":{"line":60,"column":4},"end":{"line":60,"column":null}},"24":{"start":{"line":63,"column":2},"end":{"line":63,"column":null}},"25":{"start":{"line":64,"column":2},"end":{"line":72,"column":null}},"26":{"start":{"line":65,"column":20},"end":{"line":65,"column":null}},"27":{"start":{"line":66,"column":4},"end":{"line":66,"column":null}},"28":{"start":{"line":67,"column":4},"end":{"line":67,"column":null}},"29":{"start":{"line":69,"column":4},"end":{"line":69,"column":null}},"30":{"start":{"line":71,"column":4},"end":{"line":71,"column":null}},"31":{"start":{"line":76,"column":2},"end":{"line":76,"column":null}},"32":{"start":{"line":77,"column":2},"end":{"line":77,"column":null}},"33":{"start":{"line":78,"column":2},"end":{"line":78,"column":null}},"34":{"start":{"line":78,"column":26},"end":{"line":78,"column":null}},"35":{"start":{"line":81,"column":0},"end":{"line":85,"column":null}},"36":{"start":{"line":82,"column":2},"end":{"line":84,"column":null}},"37":{"start":{"line":83,"column":4},"end":{"line":83,"column":null}},"38":{"start":{"line":87,"column":6},"end":{"line":89,"column":null}},"39":{"start":{"line":88,"column":2},"end":{"line":88,"column":null}},"40":{"start":{"line":92,"column":2},"end":{"line":92,"column":null}},"41":{"start":{"line":92,"column":10},"end":{"line":92,"column":null}},"42":{"start":{"line":93,"column":2},"end":{"line":93,"column":null}},"43":{"start":{"line":97,"column":2},"end":{"line":97,"column":null}},"44":{"start":{"line":97,"column":10},"end":{"line":97,"column":null}},"45":{"start":{"line":98,"column":17},"end":{"line":98,"column":null}},"46":{"start":{"line":99,"column":2},"end":{"line":99,"column":null}},"47":{"start":{"line":102,"column":6},"end":{"line":110,"column":null}},"48":{"start":{"line":103,"column":2},"end":{"line":105,"column":null}},"49":{"start":{"line":104,"column":4},"end":{"line":104,"column":null}},"50":{"start":{"line":106,"column":2},"end":{"line":108,"column":null}},"51":{"start":{"line":107,"column":4},"end":{"line":107,"column":null}},"52":{"start":{"line":109,"column":2},"end":{"line":109,"column":null}},"53":{"start":{"line":113,"column":2},"end":{"line":113,"column":null}},"54":{"start":{"line":113,"column":22},"end":{"line":113,"column":null}},"55":{"start":{"line":114,"column":2},"end":{"line":119,"column":null}},"56":{"start":{"line":120,"column":2},"end":{"line":120,"column":null}},"57":{"start":{"line":121,"column":2},"end":{"line":121,"column":null}},"58":{"start":{"line":133,"column":11},"end":{"line":133,"column":null}},"59":{"start":{"line":134,"column":13},"end":{"line":134,"column":null}},"60":{"start":{"line":139,"column":13},"end":{"line":139,"column":null}},"61":{"start":{"line":158,"column":13},"end":{"line":158,"column":null}},"62":{"start":{"line":1,"column":0},"end":{"line":1,"column":null}},"63":{"start":{"line":174,"column":15},"end":{"line":174,"column":null}},"64":{"start":{"line":126,"column":2},"end":{"line":1,"column":null}},"65":{"start":{"line":126,"column":24},"end":{"line":126,"column":null}},"66":{"start":{"line":199,"column":20},"end":{"line":1,"column":null}},"67":{"start":{"line":131,"column":21},"end":{"line":1,"column":null}},"68":{"start":{"line":129,"column":44},"end":{"line":1,"column":null}},"69":{"start":{"line":129,"column":30},"end":{"line":129,"column":44}},"70":{"start":{"line":130,"column":52},"end":{"line":130,"column":72}},"71":{"start":{"line":136,"column":46},"end":{"line":136,"column":56}},"72":{"start":{"line":147,"column":29},"end":{"line":1,"column":null}},"73":{"start":{"line":146,"column":23},"end":{"line":1,"column":null}},"74":{"start":{"line":144,"column":48},"end":{"line":145,"column":null}},"75":{"start":{"line":153,"column":16},"end":{"line":152,"column":null}},"76":{"start":{"line":150,"column":25},"end":{"line":150,"column":null}},"77":{"start":{"line":170,"column":39},"end":{"line":170,"column":39}},"78":{"start":{"line":178,"column":28},"end":{"line":178,"column":null}},"79":{"start":{"line":179,"column":43},"end":{"line":180,"column":null}},"80":{"start":{"line":182,"column":49},"end":{"line":182,"column":null}},"81":{"start":{"line":194,"column":71},"end":{"line":1,"column":null}},"82":{"start":{"line":194,"column":42},"end":{"line":194,"column":56}},"83":{"start":{"line":194,"column":62},"end":{"line":194,"column":71}},"84":{"start":{"line":197,"column":8},"end":{"line":197,"column":17}}},"fnMap":{"0":{"name":"parseDate","decl":{"start":{"line":36,"column":9},"end":{"line":36,"column":19}},"loc":{"start":{"line":36,"column":50},"end":{"line":39,"column":null}},"line":36},"1":{"name":"(anonymous_1)","decl":{"start":{"line":41,"column":12},"end":{"line":41,"column":13}},"loc":{"start":{"line":41,"column":24},"end":{"line":51,"column":1}},"line":41},"2":{"name":"onFileSelected","decl":{"start":{"line":53,"column":15},"end":{"line":53,"column":30}},"loc":{"start":{"line":53,"column":44},"end":{"line":73,"column":null}},"line":53},"3":{"name":"clearImage","decl":{"start":{"line":75,"column":9},"end":{"line":75,"column":22}},"loc":{"start":{"line":75,"column":22},"end":{"line":79,"column":null}},"line":75},"4":{"name":"(anonymous_4)","decl":{"start":{"line":81,"column":18},"end":{"line":81,"column":19}},"loc":{"start":{"line":81,"column":27},"end":{"line":85,"column":1}},"line":81},"5":{"name":"(anonymous_5)","decl":{"start":{"line":87,"column":25},"end":{"line":87,"column":31}},"loc":{"start":{"line":87,"column":31},"end":{"line":89,"column":1}},"line":87},"6":{"name":"formatDate","decl":{"start":{"line":91,"column":9},"end":{"line":91,"column":20}},"loc":{"start":{"line":91,"column":54},"end":{"line":94,"column":null}},"line":91},"7":{"name":"formatDisplay","decl":{"start":{"line":96,"column":9},"end":{"line":96,"column":23}},"loc":{"start":{"line":96,"column":57},"end":{"line":100,"column":null}},"line":96},"8":{"name":"(anonymous_8)","decl":{"start":{"line":102,"column":27},"end":{"line":102,"column":33}},"loc":{"start":{"line":102,"column":33},"end":{"line":110,"column":1}},"line":102},"9":{"name":"onSave","decl":{"start":{"line":112,"column":9},"end":{"line":112,"column":18}},"loc":{"start":{"line":112,"column":18},"end":{"line":122,"column":null}},"line":112},"10":{"name":"(anonymous_10)","decl":{"start":{"line":1,"column":0},"end":{"line":1,"column":null}},"loc":{"start":{"line":126,"column":24},"end":{"line":126,"column":null}},"line":126},"11":{"name":"(anonymous_11)","decl":{"start":{"line":127,"column":4},"end":{"line":127,"column":19}},"loc":{"start":{"line":199,"column":20},"end":{"line":1,"column":null}},"line":199},"12":{"name":"(anonymous_12)","decl":{"start":{"line":128,"column":6},"end":{"line":128,"column":null}},"loc":{"start":{"line":131,"column":21},"end":{"line":1,"column":null}},"line":131},"13":{"name":"(anonymous_13)","decl":{"start":{"line":129,"column":8},"end":{"line":129,"column":21}},"loc":{"start":{"line":129,"column":44},"end":{"line":1,"column":null}},"line":129},"14":{"name":"(anonymous_14)","decl":{"start":{"line":129,"column":21},"end":{"line":129,"column":30}},"loc":{"start":{"line":129,"column":30},"end":{"line":129,"column":44}},"line":129},"15":{"name":"(anonymous_15)","decl":{"start":{"line":130,"column":27},"end":{"line":130,"column":52}},"loc":{"start":{"line":130,"column":52},"end":{"line":130,"column":72}},"line":130},"16":{"name":"(anonymous_16)","decl":{"start":{"line":142,"column":12},"end":{"line":142,"column":28}},"loc":{"start":{"line":147,"column":29},"end":{"line":1,"column":null}},"line":147},"17":{"name":"(anonymous_17)","decl":{"start":{"line":143,"column":14},"end":{"line":143,"column":22}},"loc":{"start":{"line":146,"column":23},"end":{"line":1,"column":null}},"line":146},"18":{"name":"(anonymous_18)","decl":{"start":{"line":144,"column":16},"end":{"line":144,"column":30}},"loc":{"start":{"line":144,"column":48},"end":{"line":145,"column":null}},"line":144},"19":{"name":"(anonymous_19)","decl":{"start":{"line":149,"column":14},"end":{"line":149,"column":null}},"loc":{"start":{"line":153,"column":16},"end":{"line":152,"column":null}},"line":153},"20":{"name":"(anonymous_20)","decl":{"start":{"line":170,"column":14},"end":{"line":170,"column":21}},"loc":{"start":{"line":170,"column":39},"end":{"line":170,"column":39}},"line":170},"21":{"name":"(anonymous_21)","decl":{"start":{"line":178,"column":26},"end":{"line":178,"column":28}},"loc":{"start":{"line":178,"column":28},"end":{"line":178,"column":null}},"line":178},"22":{"name":"(anonymous_22)","decl":{"start":{"line":179,"column":14},"end":{"line":179,"column":25}},"loc":{"start":{"line":179,"column":43},"end":{"line":180,"column":null}},"line":179},"23":{"name":"(anonymous_23)","decl":{"start":{"line":194,"column":8},"end":{"line":194,"column":16}},"loc":{"start":{"line":194,"column":71},"end":{"line":1,"column":null}},"line":194},"24":{"name":"(anonymous_24)","decl":{"start":{"line":194,"column":40},"end":{"line":194,"column":42}},"loc":{"start":{"line":194,"column":42},"end":{"line":194,"column":56}},"line":194},"25":{"name":"(anonymous_25)","decl":{"start":{"line":194,"column":56},"end":{"line":194,"column":62}},"loc":{"start":{"line":194,"column":62},"end":{"line":194,"column":71}},"line":194},"26":{"name":"(anonymous_26)","decl":{"start":{"line":195,"column":53},"end":{"line":195,"column":null}},"loc":{"start":{"line":197,"column":8},"end":{"line":197,"column":17}},"line":197}},"branchMap":{"0":{"loc":{"start":{"line":42,"column":2},"end":{"line":50,"column":null}},"type":"if","locations":[{"start":{"line":42,"column":2},"end":{"line":50,"column":null}},{"start":{},"end":{}}],"line":42},"1":{"loc":{"start":{"line":42,"column":6},"end":{"line":42,"column":28}},"type":"binary-expr","locations":[{"start":{"line":42,"column":6},"end":{"line":42,"column":16}},{"start":{"line":42,"column":16},"end":{"line":42,"column":28}}],"line":42},"2":{"loc":{"start":{"line":48,"column":23},"end":{"line":48,"column":null}},"type":"binary-expr","locations":[{"start":{"line":48,"column":23},"end":{"line":48,"column":48}},{"start":{"line":48,"column":48},"end":{"line":48,"column":null}}],"line":48},"3":{"loc":{"start":{"line":49,"column":25},"end":{"line":49,"column":null}},"type":"binary-expr","locations":[{"start":{"line":49,"column":25},"end":{"line":49,"column":50}},{"start":{"line":49,"column":50},"end":{"line":49,"column":null}}],"line":49},"4":{"loc":{"start":{"line":56,"column":2},"end":{"line":56,"column":null}},"type":"if","locations":[{"start":{"line":56,"column":2},"end":{"line":56,"column":null}},{"start":{},"end":{}}],"line":56},"5":{"loc":{"start":{"line":58,"column":2},"end":{"line":61,"column":null}},"type":"if","locations":[{"start":{"line":58,"column":2},"end":{"line":61,"column":null}},{"start":{},"end":{}}],"line":58},"6":{"loc":{"start":{"line":78,"column":2},"end":{"line":78,"column":null}},"type":"if","locations":[{"start":{"line":78,"column":2},"end":{"line":78,"column":null}},{"start":{},"end":{}}],"line":78},"7":{"loc":{"start":{"line":82,"column":2},"end":{"line":84,"column":null}},"type":"if","locations":[{"start":{"line":82,"column":2},"end":{"line":84,"column":null}},{"start":{},"end":{}}],"line":82},"8":{"loc":{"start":{"line":82,"column":6},"end":{"line":82,"column":39}},"type":"binary-expr","locations":[{"start":{"line":82,"column":6},"end":{"line":82,"column":13}},{"start":{"line":82,"column":13},"end":{"line":82,"column":39}}],"line":82},"9":{"loc":{"start":{"line":88,"column":9},"end":{"line":88,"column":null}},"type":"binary-expr","locations":[{"start":{"line":88,"column":9},"end":{"line":88,"column":45}},{"start":{"line":88,"column":45},"end":{"line":88,"column":70}},{"start":{"line":88,"column":70},"end":{"line":88,"column":null}}],"line":88},"10":{"loc":{"start":{"line":92,"column":2},"end":{"line":92,"column":null}},"type":"if","locations":[{"start":{"line":92,"column":2},"end":{"line":92,"column":null}},{"start":{},"end":{}}],"line":92},"11":{"loc":{"start":{"line":97,"column":2},"end":{"line":97,"column":null}},"type":"if","locations":[{"start":{"line":97,"column":2},"end":{"line":97,"column":null}},{"start":{},"end":{}}],"line":97},"12":{"loc":{"start":{"line":103,"column":2},"end":{"line":105,"column":null}},"type":"if","locations":[{"start":{"line":103,"column":2},"end":{"line":105,"column":null}},{"start":{},"end":{}}],"line":103},"13":{"loc":{"start":{"line":103,"column":6},"end":{"line":103,"column":52}},"type":"binary-expr","locations":[{"start":{"line":103,"column":6},"end":{"line":103,"column":31}},{"start":{"line":103,"column":31},"end":{"line":103,"column":52}}],"line":103},"14":{"loc":{"start":{"line":106,"column":2},"end":{"line":108,"column":null}},"type":"if","locations":[{"start":{"line":106,"column":2},"end":{"line":108,"column":null}},{"start":{},"end":{}}],"line":106},"15":{"loc":{"start":{"line":113,"column":2},"end":{"line":113,"column":null}},"type":"if","locations":[{"start":{"line":113,"column":2},"end":{"line":113,"column":null}},{"start":{},"end":{}}],"line":113},"16":{"loc":{"start":{"line":118,"column":4},"end":{"line":118,"column":null}},"type":"binary-expr","locations":[{"start":{"line":118,"column":4},"end":{"line":118,"column":31}},{"start":{"line":118,"column":31},"end":{"line":118,"column":null}}],"line":118},"17":{"loc":{"start":{"line":1,"column":0},"end":{"line":126,"column":null}},"type":"binary-expr","locations":[{"start":{"line":1,"column":0},"end":{"line":1,"column":null}},{"start":{"line":1,"column":0},"end":{"line":126,"column":null}}],"line":1},"18":{"loc":{"start":{"line":129,"column":30},"end":{"line":129,"column":44}},"type":"binary-expr","locations":[{"start":{"line":129,"column":30},"end":{"line":129,"column":44}},{"start":{"line":129,"column":30},"end":{"line":129,"column":44}}],"line":129},"19":{"loc":{"start":{"line":130,"column":52},"end":{"line":130,"column":72}},"type":"binary-expr","locations":[{"start":{"line":130,"column":52},"end":{"line":130,"column":72}},{"start":{"line":130,"column":52},"end":{"line":130,"column":72}}],"line":130},"20":{"loc":{"start":{"line":137,"column":14},"end":{"line":135,"column":83}},"type":"binary-expr","locations":[{"start":{"line":137,"column":14},"end":{"line":137,"column":null}},{"start":{"line":137,"column":14},"end":{"line":135,"column":83}}],"line":137},"21":{"loc":{"start":{"line":1,"column":0},"end":{"line":136,"column":56}},"type":"binary-expr","locations":[{"start":{"line":1,"column":0},"end":{"line":1,"column":null}},{"start":{"line":1,"column":0},"end":{"line":136,"column":56}}],"line":1},"22":{"loc":{"start":{"line":156,"column":14},"end":{"line":140,"column":87}},"type":"binary-expr","locations":[{"start":{"line":156,"column":14},"end":{"line":156,"column":null}},{"start":{"line":156,"column":14},"end":{"line":140,"column":87}}],"line":156},"23":{"loc":{"start":{"line":1,"column":0},"end":{"line":150,"column":null}},"type":"binary-expr","locations":[{"start":{"line":1,"column":0},"end":{"line":1,"column":null}},{"start":{"line":1,"column":0},"end":{"line":150,"column":null}}],"line":1},"24":{"loc":{"start":{"line":190,"column":14},"end":{"line":159,"column":132}},"type":"binary-expr","locations":[{"start":{"line":190,"column":14},"end":{"line":190,"column":null}},{"start":{"line":190,"column":14},"end":{"line":159,"column":132}}],"line":190},"25":{"loc":{"start":{"line":161,"column":21},"end":{"line":1,"column":null}},"type":"cond-expr","locations":[{"start":{"line":161,"column":74},"end":{"line":1,"column":null}},{"start":{"line":1,"column":0},"end":{"line":1,"column":null}}],"line":161},"26":{"loc":{"start":{"line":161,"column":21},"end":{"line":161,"column":null}},"type":"binary-expr","locations":[{"start":{"line":161,"column":21},"end":{"line":161,"column":38}},{"start":{"line":161,"column":38},"end":{"line":161,"column":48}},{"start":{"line":161,"column":48},"end":{"line":161,"column":null}}],"line":161},"27":{"loc":{"start":{"line":163,"column":23},"end":{"line":163,"column":null}},"type":"binary-expr","locations":[{"start":{"line":163,"column":23},"end":{"line":163,"column":39}},{"start":{"line":163,"column":39},"end":{"line":163,"column":null}}],"line":163},"28":{"loc":{"start":{"line":178,"column":26},"end":{"line":178,"column":null}},"type":"binary-expr","locations":[{"start":{"line":178,"column":26},"end":{"line":178,"column":28}},{"start":{"line":178,"column":26},"end":{"line":178,"column":null}}],"line":178},"29":{"loc":{"start":{"line":180,"column":17},"end":{"line":180,"column":null}},"type":"cond-expr","locations":[{"start":{"line":180,"column":34},"end":{"line":180,"column":null}},{"start":{"line":180,"column":34},"end":{"line":180,"column":null}}],"line":180},"30":{"loc":{"start":{"line":1,"column":0},"end":{"line":182,"column":null}},"type":"binary-expr","locations":[{"start":{"line":1,"column":0},"end":{"line":1,"column":null}},{"start":{"line":1,"column":0},"end":{"line":182,"column":null}}],"line":1},"31":{"loc":{"start":{"line":194,"column":40},"end":{"line":194,"column":56}},"type":"binary-expr","locations":[{"start":{"line":194,"column":40},"end":{"line":194,"column":42}},{"start":{"line":194,"column":40},"end":{"line":194,"column":56}}],"line":194},"32":{"loc":{"start":{"line":194,"column":62},"end":{"line":194,"column":71}},"type":"binary-expr","locations":[{"start":{"line":194,"column":62},"end":{"line":194,"column":71}},{"start":{"line":194,"column":62},"end":{"line":194,"column":71}}],"line":194},"33":{"loc":{"start":{"line":197,"column":8},"end":{"line":197,"column":17}},"type":"binary-expr","locations":[{"start":{"line":197,"column":8},"end":{"line":197,"column":17}},{"start":{"line":197,"column":8},"end":{"line":197,"column":17}}],"line":197}},"s":{"0":15,"1":15,"2":15,"3":15,"4":15,"5":15,"6":15,"7":15,"8":15,"9":30,"10":30,"11":15,"12":18,"13":15,"14":15,"15":15,"16":15,"17":3,"18":3,"19":3,"20":0,"21":3,"22":1,"23":1,"24":2,"25":2,"26":2,"27":1,"28":1,"29":1,"30":2,"31":1,"32":1,"33":1,"34":1,"35":15,"36":6,"37":3,"38":15,"39":35,"40":6,"41":0,"42":6,"43":3,"44":0,"45":3,"46":3,"47":15,"48":3,"49":1,"50":2,"51":1,"52":1,"53":4,"54":1,"55":3,"56":4,"57":4,"58":1,"59":1,"60":1,"61":1,"62":1,"63":1,"64":33,"65":0,"66":33,"67":42,"68":15,"69":15,"70":15,"71":0,"72":0,"73":0,"74":0,"75":0,"76":0,"77":0,"78":0,"79":0,"80":0,"81":34,"82":0,"83":0,"84":0},"f":{"0":30,"1":18,"2":3,"3":1,"4":6,"5":35,"6":6,"7":3,"8":3,"9":4,"10":0,"11":33,"12":42,"13":15,"14":15,"15":15,"16":0,"17":0,"18":0,"19":0,"20":0,"21":0,"22":0,"23":34,"24":0,"25":0,"26":0},"b":{"0":[15,3],"1":[18,15],"2":[15,15],"3":[15,15],"4":[0,3],"5":[1,2],"6":[1,0],"7":[3,3],"8":[6,5],"9":[35,18,17],"10":[0,6],"11":[0,3],"12":[1,2],"13":[3,2],"14":[1,1],"15":[1,3],"16":[3,2],"17":[33,15],"18":[15,15],"19":[15,15],"20":[42,15],"21":[42,15],"22":[42,15],"23":[0,0],"24":[42,15],"25":[5,37],"26":[42,40,3],"27":[5,3],"28":[42,15],"29":[0,0],"30":[42,15],"31":[34,15],"32":[0,0],"33":[0,0]},"meta":{"lastBranch":34,"lastFunction":27,"lastStatement":85,"seen":{"s:21:6:21:Infinity":0,"s:23:6:23:Infinity":1,"s:24:20:24:Infinity":2,"s:26:6:26:Infinity":3,"s:27:6:30:Infinity":4,"s:31:6:31:Infinity":5,"s:32:6:32:Infinity":6,"s:33:6:33:Infinity":7,"s:34:6:34:Infinity":8,"f:36:9:36:19":0,"s:37:20:37:Infinity":9,"s:38:2:38:Infinity":10,"s:41:0:51:Infinity":11,"f:41:12:41:13":1,"b:42:2:50:Infinity:undefined:undefined:undefined:undefined":0,"s:42:2:50:Infinity":12,"b:42:6:42:16:42:16:42:28":1,"s:43:4:43:Infinity":13,"s:44:4:47:Infinity":14,"s:48:4:48:Infinity":15,"b:48:23:48:48:48:48:48:Infinity":2,"s:49:4:49:Infinity":16,"b:49:25:49:50:49:50:49:Infinity":3,"f:53:15:53:30":2,"s:54:16:54:Infinity":17,"s:55:15:55:Infinity":18,"b:56:2:56:Infinity:undefined:undefined:undefined:undefined":4,"s:56:2:56:Infinity":19,"s:56:13:56:Infinity":20,"b:58:2:61:Infinity:undefined:undefined:undefined:undefined":5,"s:58:2:61:Infinity":21,"s:59:4:59:Infinity":22,"s:60:4:60:Infinity":23,"s:63:2:63:Infinity":24,"s:64:2:72:Infinity":25,"s:65:20:65:Infinity":26,"s:66:4:66:Infinity":27,"s:67:4:67:Infinity":28,"s:69:4:69:Infinity":29,"s:71:4:71:Infinity":30,"f:75:9:75:22":3,"s:76:2:76:Infinity":31,"s:77:2:77:Infinity":32,"b:78:2:78:Infinity:undefined:undefined:undefined:undefined":6,"s:78:2:78:Infinity":33,"s:78:26:78:Infinity":34,"s:81:0:85:Infinity":35,"f:81:18:81:19":4,"b:82:2:84:Infinity:undefined:undefined:undefined:undefined":7,"s:82:2:84:Infinity":36,"b:82:6:82:13:82:13:82:39":8,"s:83:4:83:Infinity":37,"s:87:6:89:Infinity":38,"f:87:25:87:31":5,"s:88:2:88:Infinity":39,"b:88:9:88:45:88:45:88:70:88:70:88:Infinity":9,"f:91:9:91:20":6,"b:92:2:92:Infinity:undefined:undefined:undefined:undefined":10,"s:92:2:92:Infinity":40,"s:92:10:92:Infinity":41,"s:93:2:93:Infinity":42,"f:96:9:96:23":7,"b:97:2:97:Infinity:undefined:undefined:undefined:undefined":11,"s:97:2:97:Infinity":43,"s:97:10:97:Infinity":44,"s:98:17:98:Infinity":45,"s:99:2:99:Infinity":46,"s:102:6:110:Infinity":47,"f:102:27:102:33":8,"b:103:2:105:Infinity:undefined:undefined:undefined:undefined":12,"s:103:2:105:Infinity":48,"b:103:6:103:31:103:31:103:52":13,"s:104:4:104:Infinity":49,"b:106:2:108:Infinity:undefined:undefined:undefined:undefined":14,"s:106:2:108:Infinity":50,"s:107:4:107:Infinity":51,"s:109:2:109:Infinity":52,"f:112:9:112:18":9,"b:113:2:113:Infinity:undefined:undefined:undefined:undefined":15,"s:113:2:113:Infinity":53,"s:113:22:113:Infinity":54,"s:114:2:119:Infinity":55,"b:118:4:118:31:118:31:118:Infinity":16,"s:120:2:120:Infinity":56,"s:121:2:121:Infinity":57,"s:133:11:133:Infinity":58,"s:134:13:134:Infinity":59,"s:139:13:139:Infinity":60,"s:158:13:158:Infinity":61,"s:1:0:1:Infinity":62,"s:174:15:174:Infinity":63,"s:126:2:1:Infinity":64,"b:1:0:1:Infinity:1:0:126:Infinity":17,"f:1:0:1:Infinity":10,"s:126:24:126:Infinity":65,"f:127:4:127:19":11,"s:199:20:1:Infinity":66,"f:128:6:128:Infinity":12,"s:131:21:1:Infinity":67,"f:129:8:129:21":13,"s:129:44:1:Infinity":68,"f:129:21:129:30":14,"s:129:30:129:44":69,"b:129:30:129:44:129:30:129:44":18,"f:130:27:130:52":15,"s:130:52:130:72":70,"b:130:52:130:72:130:52:130:72":19,"b:137:14:137:Infinity:137:14:135:83":20,"b:1:0:1:Infinity:1:0:136:56":21,"s:136:46:136:56":71,"b:156:14:156:Infinity:156:14:140:87":22,"f:142:12:142:28":16,"s:147:29:1:Infinity":72,"f:143:14:143:22":17,"s:146:23:1:Infinity":73,"f:144:16:144:30":18,"s:144:48:145:Infinity":74,"f:149:14:149:Infinity":19,"s:153:16:152:Infinity":75,"b:1:0:1:Infinity:1:0:150:Infinity":23,"s:150:25:150:Infinity":76,"b:190:14:190:Infinity:190:14:159:132":24,"b:161:74:1:Infinity:1:0:1:Infinity":25,"b:161:21:161:38:161:38:161:48:161:48:161:Infinity":26,"b:163:23:163:39:163:39:163:Infinity":27,"f:170:14:170:21":20,"s:170:39:170:39":77,"b:178:26:178:28:178:26:178:Infinity":28,"f:178:26:178:28":21,"s:178:28:178:Infinity":78,"f:179:14:179:25":22,"s:179:43:180:Infinity":79,"b:180:34:180:Infinity:180:34:180:Infinity":29,"b:1:0:1:Infinity:1:0:182:Infinity":30,"s:182:49:182:Infinity":80,"f:194:8:194:16":23,"s:194:71:1:Infinity":81,"b:194:40:194:42:194:40:194:56":31,"f:194:40:194:42":24,"s:194:42:194:56":82,"f:194:56:194:62":25,"s:194:62:194:71":83,"b:194:62:194:71:194:62:194:71":32,"f:195:53:195:Infinity":26,"s:197:8:197:17":84,"b:197:8:197:17:197:8:197:17":33}}}
,"/Users/chefski/Documents/dev/travelWeb/components/TripHeader.vue": {"path":"/Users/chefski/Documents/dev/travelWeb/components/TripHeader.vue","statementMap":{"0":{"start":{"line":9,"column":6},"end":{"line":9,"column":null}},"1":{"start":{"line":10,"column":13},"end":{"line":10,"column":null}},"2":{"start":{"line":12,"column":18},"end":{"line":21,"column":null}},"3":{"start":{"line":23,"column":6},"end":{"line":26,"column":null}},"4":{"start":{"line":24,"column":14},"end":{"line":24,"column":null}},"5":{"start":{"line":25,"column":2},"end":{"line":25,"column":null}},"6":{"start":{"line":28,"column":6},"end":{"line":35,"column":null}},"7":{"start":{"line":29,"column":2},"end":{"line":29,"column":null}},"8":{"start":{"line":29,"column":19},"end":{"line":29,"column":null}},"9":{"start":{"line":30,"column":13},"end":{"line":30,"column":null}},"10":{"start":{"line":31,"column":2},"end":{"line":33,"column":null}},"11":{"start":{"line":32,"column":4},"end":{"line":32,"column":null}},"12":{"start":{"line":34,"column":2},"end":{"line":34,"column":null}},"13":{"start":{"line":37,"column":6},"end":{"line":44,"column":null}},"14":{"start":{"line":38,"column":2},"end":{"line":38,"column":null}},"15":{"start":{"line":38,"column":19},"end":{"line":38,"column":null}},"16":{"start":{"line":39,"column":14},"end":{"line":42,"column":null}},"17":{"start":{"line":40,"column":17},"end":{"line":40,"column":null}},"18":{"start":{"line":41,"column":4},"end":{"line":41,"column":null}},"19":{"start":{"line":43,"column":2},"end":{"line":43,"column":null}},"20":{"start":{"line":1,"column":0},"end":{"line":1,"column":null}},"21":{"start":{"line":69,"column":11},"end":{"line":69,"column":null}},"22":{"start":{"line":70,"column":13},"end":{"line":70,"column":null}},"23":{"start":{"line":75,"column":9},"end":{"line":75,"column":null}},"24":{"start":{"line":76,"column":11},"end":{"line":76,"column":null}},"25":{"start":{"line":77,"column":12},"end":{"line":77,"column":46}},"26":{"start":{"line":78,"column":13},"end":{"line":78,"column":null}},"27":{"start":{"line":88,"column":9},"end":{"line":88,"column":55}},"28":{"start":{"line":48,"column":13},"end":{"line":1,"column":null}},"29":{"start":{"line":54,"column":14},"end":{"line":54,"column":null}},"30":{"start":{"line":55,"column":22},"end":{"line":55,"column":null}},"31":{"start":{"line":56,"column":30},"end":{"line":56,"column":null}},"32":{"start":{"line":79,"column":65},"end":{"line":79,"column":78}},"33":{"start":{"line":80,"column":70},"end":{"line":80,"column":89}},"34":{"start":{"line":81,"column":42},"end":{"line":81,"column":42}},"35":{"start":{"line":83,"column":70},"end":{"line":83,"column":88}},"36":{"start":{"line":84,"column":45},"end":{"line":84,"column":45}}},"fnMap":{"0":{"name":"(anonymous_0)","decl":{"start":{"line":23,"column":26},"end":{"line":23,"column":32}},"loc":{"start":{"line":23,"column":32},"end":{"line":26,"column":1}},"line":23},"1":{"name":"(anonymous_1)","decl":{"start":{"line":28,"column":34},"end":{"line":28,"column":40}},"loc":{"start":{"line":28,"column":40},"end":{"line":35,"column":1}},"line":28},"2":{"name":"(anonymous_2)","decl":{"start":{"line":37,"column":29},"end":{"line":37,"column":35}},"loc":{"start":{"line":37,"column":35},"end":{"line":44,"column":1}},"line":37},"3":{"name":"(anonymous_3)","decl":{"start":{"line":39,"column":14},"end":{"line":39,"column":15}},"loc":{"start":{"line":39,"column":29},"end":{"line":42,"column":null}},"line":39},"4":{"name":"(anonymous_4)","decl":{"start":{"line":54,"column":12},"end":{"line":54,"column":14}},"loc":{"start":{"line":54,"column":14},"end":{"line":54,"column":null}},"line":54},"5":{"name":"(anonymous_5)","decl":{"start":{"line":1,"column":0},"end":{"line":1,"column":null}},"loc":{"start":{"line":55,"column":22},"end":{"line":55,"column":null}},"line":55},"6":{"name":"(anonymous_6)","decl":{"start":{"line":79,"column":37},"end":{"line":79,"column":40}},"loc":{"start":{"line":79,"column":65},"end":{"line":79,"column":78}},"line":79},"7":{"name":"(anonymous_7)","decl":{"start":{"line":80,"column":68},"end":{"line":80,"column":70}},"loc":{"start":{"line":80,"column":70},"end":{"line":80,"column":89}},"line":80},"8":{"name":"(anonymous_8)","decl":{"start":{"line":81,"column":12},"end":{"line":81,"column":24}},"loc":{"start":{"line":81,"column":42},"end":{"line":81,"column":42}},"line":81},"9":{"name":"(anonymous_9)","decl":{"start":{"line":83,"column":68},"end":{"line":83,"column":70}},"loc":{"start":{"line":83,"column":70},"end":{"line":83,"column":88}},"line":83},"10":{"name":"(anonymous_10)","decl":{"start":{"line":84,"column":12},"end":{"line":84,"column":27}},"loc":{"start":{"line":84,"column":45},"end":{"line":84,"column":45}},"line":84}},"branchMap":{"0":{"loc":{"start":{"line":25,"column":9},"end":{"line":25,"column":null}},"type":"binary-expr","locations":[{"start":{"line":25,"column":9},"end":{"line":25,"column":16}},{"start":{"line":25,"column":16},"end":{"line":25,"column":null}}],"line":25},"1":{"loc":{"start":{"line":29,"column":2},"end":{"line":29,"column":null}},"type":"if","locations":[{"start":{"line":29,"column":2},"end":{"line":29,"column":null}},{"start":{},"end":{}}],"line":29},"2":{"loc":{"start":{"line":38,"column":2},"end":{"line":38,"column":null}},"type":"if","locations":[{"start":{"line":38,"column":2},"end":{"line":38,"column":null}},{"start":{},"end":{}}],"line":38},"3":{"loc":{"start":{"line":48,"column":13},"end":{"line":1,"column":null}},"type":"cond-expr","locations":[{"start":{"line":48,"column":19},"end":{"line":1,"column":null}},{"start":{"line":1,"column":0},"end":{"line":1,"column":null}}],"line":48},"4":{"loc":{"start":{"line":54,"column":12},"end":{"line":54,"column":null}},"type":"binary-expr","locations":[{"start":{"line":54,"column":12},"end":{"line":54,"column":14}},{"start":{"line":54,"column":12},"end":{"line":54,"column":null}}],"line":54},"5":{"loc":{"start":{"line":55,"column":14},"end":{"line":55,"column":null}},"type":"binary-expr","locations":[{"start":{"line":55,"column":14},"end":{"line":55,"column":22}},{"start":{"line":55,"column":14},"end":{"line":55,"column":null}}],"line":55},"6":{"loc":{"start":{"line":55,"column":26},"end":{"line":56,"column":null}},"type":"binary-expr","locations":[{"start":{"line":55,"column":26},"end":{"line":55,"column":null}},{"start":{"line":55,"column":26},"end":{"line":56,"column":null}}],"line":55},"7":{"loc":{"start":{"line":59,"column":14},"end":{"line":67,"column":null}},"type":"cond-expr","locations":[{"start":{"line":59,"column":14},"end":{"line":1,"column":null}},{"start":{"line":1,"column":0},"end":{"line":67,"column":null}}],"line":59},"8":{"loc":{"start":{"line":80,"column":68},"end":{"line":80,"column":89}},"type":"binary-expr","locations":[{"start":{"line":80,"column":68},"end":{"line":80,"column":70}},{"start":{"line":80,"column":68},"end":{"line":80,"column":89}}],"line":80},"9":{"loc":{"start":{"line":83,"column":68},"end":{"line":83,"column":88}},"type":"binary-expr","locations":[{"start":{"line":83,"column":68},"end":{"line":83,"column":70}},{"start":{"line":83,"column":68},"end":{"line":83,"column":88}}],"line":83}},"s":{"0":12,"1":12,"2":12,"3":12,"4":78,"5":78,"6":12,"7":57,"8":0,"9":57,"10":57,"11":2052,"12":57,"13":12,"14":78,"15":0,"16":78,"17":156,"18":156,"19":78,"20":1,"21":1,"22":1,"23":1,"24":1,"25":1,"26":1,"27":1,"28":78,"29":0,"30":1,"31":1,"32":0,"33":1,"34":0,"35":1,"36":0},"f":{"0":78,"1":57,"2":78,"3":156,"4":0,"5":2,"6":0,"7":1,"8":0,"9":1,"10":0},"b":{"0":[78,21],"1":[0,57],"2":[0,78],"3":[78,0],"4":[78,12],"5":[78,12],"6":[78,12],"7":[21,57],"8":[78,12],"9":[78,12]},"meta":{"lastBranch":10,"lastFunction":11,"lastStatement":37,"seen":{"s:9:6:9:Infinity":0,"s:10:13:10:Infinity":1,"s:12:18:21:Infinity":2,"s:23:6:26:Infinity":3,"f:23:26:23:32":0,"s:24:14:24:Infinity":4,"s:25:2:25:Infinity":5,"b:25:9:25:16:25:16:25:Infinity":0,"s:28:6:35:Infinity":6,"f:28:34:28:40":1,"b:29:2:29:Infinity:undefined:undefined:undefined:undefined":1,"s:29:2:29:Infinity":7,"s:29:19:29:Infinity":8,"s:30:13:30:Infinity":9,"s:31:2:33:Infinity":10,"s:32:4:32:Infinity":11,"s:34:2:34:Infinity":12,"s:37:6:44:Infinity":13,"f:37:29:37:35":2,"b:38:2:38:Infinity:undefined:undefined:undefined:undefined":2,"s:38:2:38:Infinity":14,"s:38:19:38:Infinity":15,"s:39:14:42:Infinity":16,"f:39:14:39:15":3,"s:40:17:40:Infinity":17,"s:41:4:41:Infinity":18,"s:43:2:43:Infinity":19,"s:1:0:1:Infinity":20,"s:69:11:69:Infinity":21,"s:70:13:70:Infinity":22,"s:75:9:75:Infinity":23,"s:76:11:76:Infinity":24,"s:77:12:77:46":25,"s:78:13:78:Infinity":26,"s:88:9:88:55":27,"s:48:13:1:Infinity":28,"b:48:19:1:Infinity:1:0:1:Infinity":3,"b:54:12:54:14:54:12:54:Infinity":4,"f:54:12:54:14":4,"s:54:14:54:Infinity":29,"b:55:14:55:22:55:14:55:Infinity":5,"f:1:0:1:Infinity":5,"s:55:22:55:Infinity":30,"b:55:26:55:Infinity:55:26:56:Infinity":6,"s:56:30:56:Infinity":31,"b:59:14:1:Infinity:1:0:67:Infinity":7,"f:79:37:79:40":6,"s:79:65:79:78":32,"b:80:68:80:70:80:68:80:89":8,"f:80:68:80:70":7,"s:80:70:80:89":33,"f:81:12:81:24":8,"s:81:42:81:42":34,"b:83:68:83:70:83:68:83:88":9,"f:83:68:83:70":9,"s:83:70:83:88":35,"f:84:12:84:27":10,"s:84:45:84:45":36}}}
,"/Users/chefski/Documents/dev/travelWeb/components/TripSetupDialog.vue": {"path":"/Users/chefski/Documents/dev/travelWeb/components/TripSetupDialog.vue","statementMap":{"0":{"start":{"line":21,"column":6},"end":{"line":21,"column":null}},"1":{"start":{"line":22,"column":13},"end":{"line":22,"column":null}},"2":{"start":{"line":24,"column":6},"end":{"line":24,"column":null}},"3":{"start":{"line":25,"column":20},"end":{"line":25,"column":null}},"4":{"start":{"line":27,"column":6},"end":{"line":27,"column":null}},"5":{"start":{"line":28,"column":6},"end":{"line":31,"column":null}},"6":{"start":{"line":32,"column":6},"end":{"line":32,"column":null}},"7":{"start":{"line":33,"column":6},"end":{"line":33,"column":null}},"8":{"start":{"line":34,"column":6},"end":{"line":34,"column":null}},"9":{"start":{"line":35,"column":6},"end":{"line":35,"column":null}},"10":{"start":{"line":38,"column":16},"end":{"line":38,"column":null}},"11":{"start":{"line":39,"column":15},"end":{"line":39,"column":null}},"12":{"start":{"line":40,"column":2},"end":{"line":40,"column":null}},"13":{"start":{"line":40,"column":13},"end":{"line":40,"column":null}},"14":{"start":{"line":42,"column":2},"end":{"line":45,"column":null}},"15":{"start":{"line":43,"column":4},"end":{"line":43,"column":null}},"16":{"start":{"line":44,"column":4},"end":{"line":44,"column":null}},"17":{"start":{"line":47,"column":2},"end":{"line":47,"column":null}},"18":{"start":{"line":48,"column":2},"end":{"line":56,"column":null}},"19":{"start":{"line":49,"column":20},"end":{"line":49,"column":null}},"20":{"start":{"line":50,"column":4},"end":{"line":50,"column":null}},"21":{"start":{"line":51,"column":4},"end":{"line":51,"column":null}},"22":{"start":{"line":53,"column":4},"end":{"line":53,"column":null}},"23":{"start":{"line":55,"column":4},"end":{"line":55,"column":null}},"24":{"start":{"line":60,"column":2},"end":{"line":60,"column":null}},"25":{"start":{"line":61,"column":2},"end":{"line":61,"column":null}},"26":{"start":{"line":62,"column":2},"end":{"line":62,"column":null}},"27":{"start":{"line":62,"column":26},"end":{"line":62,"column":null}},"28":{"start":{"line":65,"column":0},"end":{"line":69,"column":null}},"29":{"start":{"line":66,"column":2},"end":{"line":68,"column":null}},"30":{"start":{"line":67,"column":4},"end":{"line":67,"column":null}},"31":{"start":{"line":71,"column":6},"end":{"line":73,"column":null}},"32":{"start":{"line":72,"column":2},"end":{"line":72,"column":null}},"33":{"start":{"line":76,"column":2},"end":{"line":76,"column":null}},"34":{"start":{"line":76,"column":10},"end":{"line":76,"column":null}},"35":{"start":{"line":77,"column":2},"end":{"line":77,"column":null}},"36":{"start":{"line":81,"column":2},"end":{"line":81,"column":null}},"37":{"start":{"line":81,"column":10},"end":{"line":81,"column":null}},"38":{"start":{"line":82,"column":17},"end":{"line":82,"column":null}},"39":{"start":{"line":83,"column":2},"end":{"line":83,"column":null}},"40":{"start":{"line":86,"column":6},"end":{"line":94,"column":null}},"41":{"start":{"line":87,"column":2},"end":{"line":89,"column":null}},"42":{"start":{"line":88,"column":4},"end":{"line":88,"column":null}},"43":{"start":{"line":90,"column":2},"end":{"line":92,"column":null}},"44":{"start":{"line":91,"column":4},"end":{"line":91,"column":null}},"45":{"start":{"line":93,"column":2},"end":{"line":93,"column":null}},"46":{"start":{"line":97,"column":2},"end":{"line":97,"column":null}},"47":{"start":{"line":97,"column":24},"end":{"line":97,"column":null}},"48":{"start":{"line":98,"column":2},"end":{"line":103,"column":null}},"49":{"start":{"line":104,"column":2},"end":{"line":104,"column":null}},"50":{"start":{"line":105,"column":2},"end":{"line":105,"column":null}},"51":{"start":{"line":106,"column":2},"end":{"line":106,"column":null}},"52":{"start":{"line":107,"column":2},"end":{"line":107,"column":null}},"53":{"start":{"line":108,"column":2},"end":{"line":108,"column":null}},"54":{"start":{"line":108,"column":26},"end":{"line":108,"column":null}},"55":{"start":{"line":109,"column":2},"end":{"line":109,"column":null}},"56":{"start":{"line":110,"column":2},"end":{"line":110,"column":null}},"57":{"start":{"line":122,"column":11},"end":{"line":122,"column":null}},"58":{"start":{"line":123,"column":13},"end":{"line":123,"column":null}},"59":{"start":{"line":128,"column":13},"end":{"line":128,"column":null}},"60":{"start":{"line":147,"column":13},"end":{"line":147,"column":null}},"61":{"start":{"line":1,"column":0},"end":{"line":1,"column":null}},"62":{"start":{"line":163,"column":15},"end":{"line":163,"column":null}},"63":{"start":{"line":115,"column":2},"end":{"line":1,"column":null}},"64":{"start":{"line":115,"column":24},"end":{"line":115,"column":null}},"65":{"start":{"line":187,"column":20},"end":{"line":1,"column":null}},"66":{"start":{"line":120,"column":21},"end":{"line":1,"column":null}},"67":{"start":{"line":118,"column":50},"end":{"line":1,"column":null}},"68":{"start":{"line":118,"column":36},"end":{"line":118,"column":50}},"69":{"start":{"line":119,"column":64},"end":{"line":119,"column":84}},"70":{"start":{"line":125,"column":41},"end":{"line":125,"column":51}},"71":{"start":{"line":136,"column":29},"end":{"line":1,"column":null}},"72":{"start":{"line":135,"column":23},"end":{"line":1,"column":null}},"73":{"start":{"line":133,"column":48},"end":{"line":134,"column":null}},"74":{"start":{"line":142,"column":16},"end":{"line":141,"column":null}},"75":{"start":{"line":139,"column":25},"end":{"line":139,"column":null}},"76":{"start":{"line":159,"column":39},"end":{"line":159,"column":39}},"77":{"start":{"line":167,"column":28},"end":{"line":167,"column":null}},"78":{"start":{"line":168,"column":43},"end":{"line":169,"column":null}},"79":{"start":{"line":171,"column":44},"end":{"line":171,"column":null}},"80":{"start":{"line":185,"column":17},"end":{"line":1,"column":null}},"81":{"start":{"line":185,"column":8},"end":{"line":185,"column":17}}},"fnMap":{"0":{"name":"onFileSelected","decl":{"start":{"line":37,"column":15},"end":{"line":37,"column":30}},"loc":{"start":{"line":37,"column":44},"end":{"line":57,"column":null}},"line":37},"1":{"name":"clearImage","decl":{"start":{"line":59,"column":9},"end":{"line":59,"column":22}},"loc":{"start":{"line":59,"column":22},"end":{"line":63,"column":null}},"line":59},"2":{"name":"(anonymous_2)","decl":{"start":{"line":65,"column":18},"end":{"line":65,"column":19}},"loc":{"start":{"line":65,"column":27},"end":{"line":69,"column":1}},"line":65},"3":{"name":"(anonymous_3)","decl":{"start":{"line":71,"column":27},"end":{"line":71,"column":33}},"loc":{"start":{"line":71,"column":33},"end":{"line":73,"column":1}},"line":71},"4":{"name":"formatDate","decl":{"start":{"line":75,"column":9},"end":{"line":75,"column":20}},"loc":{"start":{"line":75,"column":54},"end":{"line":78,"column":null}},"line":75},"5":{"name":"formatDisplay","decl":{"start":{"line":80,"column":9},"end":{"line":80,"column":23}},"loc":{"start":{"line":80,"column":57},"end":{"line":84,"column":null}},"line":80},"6":{"name":"(anonymous_6)","decl":{"start":{"line":86,"column":27},"end":{"line":86,"column":33}},"loc":{"start":{"line":86,"column":33},"end":{"line":94,"column":1}},"line":86},"7":{"name":"onCreate","decl":{"start":{"line":96,"column":9},"end":{"line":96,"column":20}},"loc":{"start":{"line":96,"column":20},"end":{"line":111,"column":null}},"line":96},"8":{"name":"(anonymous_8)","decl":{"start":{"line":1,"column":0},"end":{"line":1,"column":null}},"loc":{"start":{"line":115,"column":24},"end":{"line":115,"column":null}},"line":115},"9":{"name":"(anonymous_9)","decl":{"start":{"line":116,"column":4},"end":{"line":116,"column":19}},"loc":{"start":{"line":187,"column":20},"end":{"line":1,"column":null}},"line":187},"10":{"name":"(anonymous_10)","decl":{"start":{"line":117,"column":6},"end":{"line":117,"column":null}},"loc":{"start":{"line":120,"column":21},"end":{"line":1,"column":null}},"line":120},"11":{"name":"(anonymous_11)","decl":{"start":{"line":118,"column":8},"end":{"line":118,"column":21}},"loc":{"start":{"line":118,"column":50},"end":{"line":1,"column":null}},"line":118},"12":{"name":"(anonymous_12)","decl":{"start":{"line":118,"column":21},"end":{"line":118,"column":36}},"loc":{"start":{"line":118,"column":36},"end":{"line":118,"column":50}},"line":118},"13":{"name":"(anonymous_13)","decl":{"start":{"line":119,"column":27},"end":{"line":119,"column":64}},"loc":{"start":{"line":119,"column":64},"end":{"line":119,"column":84}},"line":119},"14":{"name":"(anonymous_14)","decl":{"start":{"line":131,"column":12},"end":{"line":131,"column":28}},"loc":{"start":{"line":136,"column":29},"end":{"line":1,"column":null}},"line":136},"15":{"name":"(anonymous_15)","decl":{"start":{"line":132,"column":14},"end":{"line":132,"column":22}},"loc":{"start":{"line":135,"column":23},"end":{"line":1,"column":null}},"line":135},"16":{"name":"(anonymous_16)","decl":{"start":{"line":133,"column":16},"end":{"line":133,"column":30}},"loc":{"start":{"line":133,"column":48},"end":{"line":134,"column":null}},"line":133},"17":{"name":"(anonymous_17)","decl":{"start":{"line":138,"column":14},"end":{"line":138,"column":null}},"loc":{"start":{"line":142,"column":16},"end":{"line":141,"column":null}},"line":142},"18":{"name":"(anonymous_18)","decl":{"start":{"line":159,"column":14},"end":{"line":159,"column":21}},"loc":{"start":{"line":159,"column":39},"end":{"line":159,"column":39}},"line":159},"19":{"name":"(anonymous_19)","decl":{"start":{"line":167,"column":26},"end":{"line":167,"column":28}},"loc":{"start":{"line":167,"column":28},"end":{"line":167,"column":null}},"line":167},"20":{"name":"(anonymous_20)","decl":{"start":{"line":168,"column":14},"end":{"line":168,"column":25}},"loc":{"start":{"line":168,"column":43},"end":{"line":169,"column":null}},"line":168},"21":{"name":"(anonymous_21)","decl":{"start":{"line":183,"column":8},"end":{"line":183,"column":17}},"loc":{"start":{"line":185,"column":17},"end":{"line":1,"column":null}},"line":185},"22":{"name":"(anonymous_22)","decl":{"start":{"line":183,"column":57},"end":{"line":183,"column":null}},"loc":{"start":{"line":185,"column":8},"end":{"line":185,"column":17}},"line":185}},"branchMap":{"0":{"loc":{"start":{"line":40,"column":2},"end":{"line":40,"column":null}},"type":"if","locations":[{"start":{"line":40,"column":2},"end":{"line":40,"column":null}},{"start":{},"end":{}}],"line":40},"1":{"loc":{"start":{"line":42,"column":2},"end":{"line":45,"column":null}},"type":"if","locations":[{"start":{"line":42,"column":2},"end":{"line":45,"column":null}},{"start":{},"end":{}}],"line":42},"2":{"loc":{"start":{"line":62,"column":2},"end":{"line":62,"column":null}},"type":"if","locations":[{"start":{"line":62,"column":2},"end":{"line":62,"column":null}},{"start":{},"end":{}}],"line":62},"3":{"loc":{"start":{"line":66,"column":2},"end":{"line":68,"column":null}},"type":"if","locations":[{"start":{"line":66,"column":2},"end":{"line":68,"column":null}},{"start":{},"end":{}}],"line":66},"4":{"loc":{"start":{"line":66,"column":6},"end":{"line":66,"column":39}},"type":"binary-expr","locations":[{"start":{"line":66,"column":6},"end":{"line":66,"column":13}},{"start":{"line":66,"column":13},"end":{"line":66,"column":39}}],"line":66},"5":{"loc":{"start":{"line":72,"column":9},"end":{"line":72,"column":null}},"type":"binary-expr","locations":[{"start":{"line":72,"column":9},"end":{"line":72,"column":45}},{"start":{"line":72,"column":45},"end":{"line":72,"column":70}},{"start":{"line":72,"column":70},"end":{"line":72,"column":null}}],"line":72},"6":{"loc":{"start":{"line":76,"column":2},"end":{"line":76,"column":null}},"type":"if","locations":[{"start":{"line":76,"column":2},"end":{"line":76,"column":null}},{"start":{},"end":{}}],"line":76},"7":{"loc":{"start":{"line":81,"column":2},"end":{"line":81,"column":null}},"type":"if","locations":[{"start":{"line":81,"column":2},"end":{"line":81,"column":null}},{"start":{},"end":{}}],"line":81},"8":{"loc":{"start":{"line":87,"column":2},"end":{"line":89,"column":null}},"type":"if","locations":[{"start":{"line":87,"column":2},"end":{"line":89,"column":null}},{"start":{},"end":{}}],"line":87},"9":{"loc":{"start":{"line":87,"column":6},"end":{"line":87,"column":52}},"type":"binary-expr","locations":[{"start":{"line":87,"column":6},"end":{"line":87,"column":31}},{"start":{"line":87,"column":31},"end":{"line":87,"column":52}}],"line":87},"10":{"loc":{"start":{"line":90,"column":2},"end":{"line":92,"column":null}},"type":"if","locations":[{"start":{"line":90,"column":2},"end":{"line":92,"column":null}},{"start":{},"end":{}}],"line":90},"11":{"loc":{"start":{"line":97,"column":2},"end":{"line":97,"column":null}},"type":"if","locations":[{"start":{"line":97,"column":2},"end":{"line":97,"column":null}},{"start":{},"end":{}}],"line":97},"12":{"loc":{"start":{"line":102,"column":4},"end":{"line":102,"column":null}},"type":"binary-expr","locations":[{"start":{"line":102,"column":4},"end":{"line":102,"column":31}},{"start":{"line":102,"column":31},"end":{"line":102,"column":null}}],"line":102},"13":{"loc":{"start":{"line":108,"column":2},"end":{"line":108,"column":null}},"type":"if","locations":[{"start":{"line":108,"column":2},"end":{"line":108,"column":null}},{"start":{},"end":{}}],"line":108},"14":{"loc":{"start":{"line":1,"column":0},"end":{"line":115,"column":null}},"type":"binary-expr","locations":[{"start":{"line":1,"column":0},"end":{"line":1,"column":null}},{"start":{"line":1,"column":0},"end":{"line":115,"column":null}}],"line":1},"15":{"loc":{"start":{"line":118,"column":36},"end":{"line":118,"column":50}},"type":"binary-expr","locations":[{"start":{"line":118,"column":36},"end":{"line":118,"column":50}},{"start":{"line":118,"column":36},"end":{"line":118,"column":50}}],"line":118},"16":{"loc":{"start":{"line":119,"column":64},"end":{"line":119,"column":84}},"type":"binary-expr","locations":[{"start":{"line":119,"column":64},"end":{"line":119,"column":84}},{"start":{"line":119,"column":64},"end":{"line":119,"column":84}}],"line":119},"17":{"loc":{"start":{"line":126,"column":14},"end":{"line":124,"column":78}},"type":"binary-expr","locations":[{"start":{"line":126,"column":14},"end":{"line":126,"column":null}},{"start":{"line":126,"column":14},"end":{"line":124,"column":78}}],"line":126},"18":{"loc":{"start":{"line":1,"column":0},"end":{"line":125,"column":51}},"type":"binary-expr","locations":[{"start":{"line":1,"column":0},"end":{"line":1,"column":null}},{"start":{"line":1,"column":0},"end":{"line":125,"column":51}}],"line":1},"19":{"loc":{"start":{"line":145,"column":14},"end":{"line":129,"column":82}},"type":"binary-expr","locations":[{"start":{"line":145,"column":14},"end":{"line":145,"column":null}},{"start":{"line":145,"column":14},"end":{"line":129,"column":82}}],"line":145},"20":{"loc":{"start":{"line":1,"column":0},"end":{"line":139,"column":null}},"type":"binary-expr","locations":[{"start":{"line":1,"column":0},"end":{"line":1,"column":null}},{"start":{"line":1,"column":0},"end":{"line":139,"column":null}}],"line":1},"21":{"loc":{"start":{"line":179,"column":14},"end":{"line":148,"column":127}},"type":"binary-expr","locations":[{"start":{"line":179,"column":14},"end":{"line":179,"column":null}},{"start":{"line":179,"column":14},"end":{"line":148,"column":127}}],"line":179},"22":{"loc":{"start":{"line":150,"column":21},"end":{"line":1,"column":null}},"type":"cond-expr","locations":[{"start":{"line":150,"column":74},"end":{"line":1,"column":null}},{"start":{"line":1,"column":0},"end":{"line":1,"column":null}}],"line":150},"23":{"loc":{"start":{"line":150,"column":21},"end":{"line":150,"column":null}},"type":"binary-expr","locations":[{"start":{"line":150,"column":21},"end":{"line":150,"column":38}},{"start":{"line":150,"column":38},"end":{"line":150,"column":48}},{"start":{"line":150,"column":48},"end":{"line":150,"column":null}}],"line":150},"24":{"loc":{"start":{"line":152,"column":23},"end":{"line":152,"column":null}},"type":"binary-expr","locations":[{"start":{"line":152,"column":23},"end":{"line":152,"column":39}},{"start":{"line":152,"column":39},"end":{"line":152,"column":null}}],"line":152},"25":{"loc":{"start":{"line":167,"column":26},"end":{"line":167,"column":null}},"type":"binary-expr","locations":[{"start":{"line":167,"column":26},"end":{"line":167,"column":28}},{"start":{"line":167,"column":26},"end":{"line":167,"column":null}}],"line":167},"26":{"loc":{"start":{"line":169,"column":17},"end":{"line":169,"column":null}},"type":"cond-expr","locations":[{"start":{"line":169,"column":34},"end":{"line":169,"column":null}},{"start":{"line":169,"column":34},"end":{"line":169,"column":null}}],"line":169},"27":{"loc":{"start":{"line":1,"column":0},"end":{"line":171,"column":null}},"type":"binary-expr","locations":[{"start":{"line":1,"column":0},"end":{"line":1,"column":null}},{"start":{"line":1,"column":0},"end":{"line":171,"column":null}}],"line":1},"28":{"loc":{"start":{"line":185,"column":8},"end":{"line":185,"column":17}},"type":"binary-expr","locations":[{"start":{"line":185,"column":8},"end":{"line":185,"column":17}},{"start":{"line":185,"column":8},"end":{"line":185,"column":17}}],"line":185}},"s":{"0":15,"1":15,"2":15,"3":15,"4":15,"5":15,"6":15,"7":15,"8":15,"9":15,"10":3,"11":3,"12":3,"13":0,"14":3,"15":1,"16":1,"17":2,"18":2,"19":2,"20":1,"21":1,"22":1,"23":2,"24":1,"25":1,"26":1,"27":1,"28":15,"29":8,"30":3,"31":15,"32":23,"33":8,"34":0,"35":8,"36":3,"37":0,"38":3,"39":3,"40":15,"41":3,"42":1,"43":2,"44":1,"45":1,"46":5,"47":1,"48":4,"49":5,"50":5,"51":5,"52":5,"53":5,"54":4,"55":4,"56":4,"57":1,"58":1,"59":1,"60":1,"61":1,"62":1,"63":19,"64":0,"65":19,"66":30,"67":15,"68":15,"69":15,"70":0,"71":0,"72":0,"73":0,"74":0,"75":0,"76":0,"77":0,"78":0,"79":0,"80":23,"81":0},"f":{"0":3,"1":1,"2":8,"3":23,"4":8,"5":3,"6":3,"7":5,"8":0,"9":19,"10":30,"11":15,"12":15,"13":15,"14":0,"15":0,"16":0,"17":0,"18":0,"19":0,"20":0,"21":23,"22":0},"b":{"0":[0,3],"1":[1,2],"2":[1,0],"3":[3,5],"4":[8,5],"5":[23,4,4],"6":[0,8],"7":[0,3],"8":[1,2],"9":[3,2],"10":[1,1],"11":[1,4],"12":[4,2],"13":[4,1],"14":[19,15],"15":[15,15],"16":[15,15],"17":[30,15],"18":[30,15],"19":[30,15],"20":[0,0],"21":[30,15],"22":[5,25],"23":[30,28,3],"24":[5,3],"25":[30,15],"26":[0,0],"27":[30,15],"28":[0,0]},"meta":{"lastBranch":29,"lastFunction":23,"lastStatement":82,"seen":{"s:21:6:21:Infinity":0,"s:22:13:22:Infinity":1,"s:24:6:24:Infinity":2,"s:25:20:25:Infinity":3,"s:27:6:27:Infinity":4,"s:28:6:31:Infinity":5,"s:32:6:32:Infinity":6,"s:33:6:33:Infinity":7,"s:34:6:34:Infinity":8,"s:35:6:35:Infinity":9,"f:37:15:37:30":0,"s:38:16:38:Infinity":10,"s:39:15:39:Infinity":11,"b:40:2:40:Infinity:undefined:undefined:undefined:undefined":0,"s:40:2:40:Infinity":12,"s:40:13:40:Infinity":13,"b:42:2:45:Infinity:undefined:undefined:undefined:undefined":1,"s:42:2:45:Infinity":14,"s:43:4:43:Infinity":15,"s:44:4:44:Infinity":16,"s:47:2:47:Infinity":17,"s:48:2:56:Infinity":18,"s:49:20:49:Infinity":19,"s:50:4:50:Infinity":20,"s:51:4:51:Infinity":21,"s:53:4:53:Infinity":22,"s:55:4:55:Infinity":23,"f:59:9:59:22":1,"s:60:2:60:Infinity":24,"s:61:2:61:Infinity":25,"b:62:2:62:Infinity:undefined:undefined:undefined:undefined":2,"s:62:2:62:Infinity":26,"s:62:26:62:Infinity":27,"s:65:0:69:Infinity":28,"f:65:18:65:19":2,"b:66:2:68:Infinity:undefined:undefined:undefined:undefined":3,"s:66:2:68:Infinity":29,"b:66:6:66:13:66:13:66:39":4,"s:67:4:67:Infinity":30,"s:71:6:73:Infinity":31,"f:71:27:71:33":3,"s:72:2:72:Infinity":32,"b:72:9:72:45:72:45:72:70:72:70:72:Infinity":5,"f:75:9:75:20":4,"b:76:2:76:Infinity:undefined:undefined:undefined:undefined":6,"s:76:2:76:Infinity":33,"s:76:10:76:Infinity":34,"s:77:2:77:Infinity":35,"f:80:9:80:23":5,"b:81:2:81:Infinity:undefined:undefined:undefined:undefined":7,"s:81:2:81:Infinity":36,"s:81:10:81:Infinity":37,"s:82:17:82:Infinity":38,"s:83:2:83:Infinity":39,"s:86:6:94:Infinity":40,"f:86:27:86:33":6,"b:87:2:89:Infinity:undefined:undefined:undefined:undefined":8,"s:87:2:89:Infinity":41,"b:87:6:87:31:87:31:87:52":9,"s:88:4:88:Infinity":42,"b:90:2:92:Infinity:undefined:undefined:undefined:undefined":10,"s:90:2:92:Infinity":43,"s:91:4:91:Infinity":44,"s:93:2:93:Infinity":45,"f:96:9:96:20":7,"b:97:2:97:Infinity:undefined:undefined:undefined:undefined":11,"s:97:2:97:Infinity":46,"s:97:24:97:Infinity":47,"s:98:2:103:Infinity":48,"b:102:4:102:31:102:31:102:Infinity":12,"s:104:2:104:Infinity":49,"s:105:2:105:Infinity":50,"s:106:2:106:Infinity":51,"s:107:2:107:Infinity":52,"b:108:2:108:Infinity:undefined:undefined:undefined:undefined":13,"s:108:2:108:Infinity":53,"s:108:26:108:Infinity":54,"s:109:2:109:Infinity":55,"s:110:2:110:Infinity":56,"s:122:11:122:Infinity":57,"s:123:13:123:Infinity":58,"s:128:13:128:Infinity":59,"s:147:13:147:Infinity":60,"s:1:0:1:Infinity":61,"s:163:15:163:Infinity":62,"s:115:2:1:Infinity":63,"b:1:0:1:Infinity:1:0:115:Infinity":14,"f:1:0:1:Infinity":8,"s:115:24:115:Infinity":64,"f:116:4:116:19":9,"s:187:20:1:Infinity":65,"f:117:6:117:Infinity":10,"s:120:21:1:Infinity":66,"f:118:8:118:21":11,"s:118:50:1:Infinity":67,"f:118:21:118:36":12,"s:118:36:118:50":68,"b:118:36:118:50:118:36:118:50":15,"f:119:27:119:64":13,"s:119:64:119:84":69,"b:119:64:119:84:119:64:119:84":16,"b:126:14:126:Infinity:126:14:124:78":17,"b:1:0:1:Infinity:1:0:125:51":18,"s:125:41:125:51":70,"b:145:14:145:Infinity:145:14:129:82":19,"f:131:12:131:28":14,"s:136:29:1:Infinity":71,"f:132:14:132:22":15,"s:135:23:1:Infinity":72,"f:133:16:133:30":16,"s:133:48:134:Infinity":73,"f:138:14:138:Infinity":17,"s:142:16:141:Infinity":74,"b:1:0:1:Infinity:1:0:139:Infinity":20,"s:139:25:139:Infinity":75,"b:179:14:179:Infinity:179:14:148:127":21,"b:150:74:1:Infinity:1:0:1:Infinity":22,"b:150:21:150:38:150:38:150:48:150:48:150:Infinity":23,"b:152:23:152:39:152:39:152:Infinity":24,"f:159:14:159:21":18,"s:159:39:159:39":76,"b:167:26:167:28:167:26:167:Infinity":25,"f:167:26:167:28":19,"s:167:28:167:Infinity":77,"f:168:14:168:25":20,"s:168:43:169:Infinity":78,"b:169:34:169:Infinity:169:34:169:Infinity":26,"b:1:0:1:Infinity:1:0:171:Infinity":27,"s:171:44:171:Infinity":79,"f:183:8:183:17":21,"s:185:17:1:Infinity":80,"f:183:57:183:Infinity":22,"s:185:8:185:17":81,"b:185:8:185:17:185:8:185:17":28}}}
,"/Users/chefski/Documents/dev/travelWeb/components/worldMap.vue": {"path":"/Users/chefski/Documents/dev/travelWeb/components/worldMap.vue","statementMap":{"0":{"start":{"line":6,"column":20},"end":{"line":6,"column":null}},"1":{"start":{"line":7,"column":0},"end":{"line":7,"column":null}},"2":{"start":{"line":7,"column":18},"end":{"line":7,"column":null}},"3":{"start":{"line":9,"column":6},"end":{"line":9,"column":null}},"4":{"start":{"line":10,"column":0},"end":{"line":19,"column":null}},"5":{"start":{"line":11,"column":2},"end":{"line":11,"column":null}},"6":{"start":{"line":13,"column":2},"end":{"line":18,"column":null}},"7":{"start":{"line":21,"column":0},"end":{"line":21,"column":null}},"8":{"start":{"line":25,"column":7},"end":{"line":25,"column":null}},"9":{"start":{"line":25,"column":2},"end":{"line":28,"column":null}}},"fnMap":{"0":{"name":"(anonymous_0)","decl":{"start":{"line":10,"column":10},"end":{"line":10,"column":16}},"loc":{"start":{"line":10,"column":16},"end":{"line":19,"column":1}},"line":10}},"branchMap":{"0":{"loc":{"start":{"line":7,"column":0},"end":{"line":7,"column":null}},"type":"if","locations":[{"start":{"line":7,"column":0},"end":{"line":7,"column":null}},{"start":{},"end":{}}],"line":7},"1":{"loc":{"start":{"line":30,"column":7},"end":{"line":28,"column":null}},"type":"binary-expr","locations":[{"start":{"line":30,"column":7},"end":{"line":30,"column":null}},{"start":{"line":30,"column":7},"end":{"line":28,"column":null}}],"line":30}},"s":{"0":2,"1":2,"2":0,"3":2,"4":2,"5":2,"6":2,"7":2,"8":1,"9":2},"f":{"0":2},"b":{"0":[0,2],"1":[2,2]},"meta":{"lastBranch":2,"lastFunction":1,"lastStatement":10,"seen":{"s:6:20:6:Infinity":0,"b:7:0:7:Infinity:undefined:undefined:undefined:undefined":0,"s:7:0:7:Infinity":1,"s:7:18:7:Infinity":2,"s:9:6:9:Infinity":3,"s:10:0:19:Infinity":4,"f:10:10:10:16":0,"s:11:2:11:Infinity":5,"s:13:2:18:Infinity":6,"s:21:0:21:Infinity":7,"s:25:7:25:Infinity":8,"s:25:2:28:Infinity":9,"b:30:7:30:Infinity:30:7:28:Infinity":1}}}
[...]
,"/Users/chefski/Documents/dev/travelWeb/composables/useMapboxSearch.ts": {"path":"/Users/chefski/Documents/dev/travelWeb/composables/useMapboxSearch.ts","statementMap":{"0":{"start":{"line":6,"column":8},"end":{"line":6,"column":null}},"1":{"start":{"line":7,"column":8},"end":{"line":7,"column":null}},"2":{"start":{"line":8,"column":8},"end":{"line":8,"column":null}},"3":{"start":{"line":9,"column":8},"end":{"line":9,"column":null}},"4":{"start":{"line":11,"column":16},"end":{"line":11,"column":null}},"5":{"start":{"line":12,"column":2},"end":{"line":12,"column":null}},"6":{"start":{"line":12,"column":14},"end":{"line":12,"column":null}},"7":{"start":{"line":15,"column":4},"end":{"line":18,"column":null}},"8":{"start":{"line":16,"column":6},"end":{"line":16,"column":null}},"9":{"start":{"line":17,"column":6},"end":{"line":17,"column":null}},"10":{"start":{"line":19,"column":4},"end":{"line":19,"column":null}},"11":{"start":{"line":20,"column":4},"end":{"line":35,"column":null}},"12":{"start":{"line":21,"column":21},"end":{"line":26,"column":null}},"13":{"start":{"line":27,"column":18},"end":{"line":27,"column":null}},"14":{"start":{"line":28,"column":19},"end":{"line":28,"column":null}},"15":{"start":{"line":29,"column":6},"end":{"line":29,"column":null}},"16":{"start":{"line":31,"column":6},"end":{"line":31,"column":null}},"17":{"start":{"line":32,"column":6},"end":{"line":32,"column":null}},"18":{"start":{"line":34,"column":6},"end":{"line":34,"column":null}},"19":{"start":{"line":38,"column":8},"end":{"line":38,"column":null}},"20":{"start":{"line":41,"column":4},"end":{"line":41,"column":null}},"21":{"start":{"line":42,"column":4},"end":{"line":42,"column":null}},"22":{"start":{"line":46,"column":4},"end":{"line":58,"column":null}},"23":{"start":{"line":47,"column":21},"end":{"line":50,"column":null}},"24":{"start":{"line":51,"column":18},"end":{"line":51,"column":null}},"25":{"start":{"line":52,"column":41},"end":{"line":52,"column":null}},"26":{"start":{"line":53,"column":6},"end":{"line":53,"column":null}},"27":{"start":{"line":54,"column":6},"end":{"line":54,"column":null}},"28":{"start":{"line":56,"column":6},"end":{"line":56,"column":null}},"29":{"start":{"line":57,"column":6},"end":{"line":57,"column":null}},"30":{"start":{"line":62,"column":4},"end":{"line":62,"column":null}},"31":{"start":{"line":63,"column":4},"end":{"line":63,"column":null}},"32":{"start":{"line":66,"column":2},"end":{"line":73,"column":null}}},"fnMap":{"0":{"name":"useMapboxSearch","decl":{"start":{"line":5,"column":16},"end":{"line":5,"column":34}},"loc":{"start":{"line":5,"column":34},"end":{"line":74,"column":null}},"line":5},"1":{"name":"fetchSuggestions","decl":{"start":{"line":14,"column":17},"end":{"line":14,"column":34}},"loc":{"start":{"line":14,"column":45},"end":{"line":36,"column":null}},"line":14},"2":{"name":"onSearchInput","decl":{"start":{"line":40,"column":11},"end":{"line":40,"column":25}},"loc":{"start":{"line":40,"column":40},"end":{"line":43,"column":null}},"line":40},"3":{"name":"retrievePlace","decl":{"start":{"line":45,"column":17},"end":{"line":45,"column":31}},"loc":{"start":{"line":45,"column":87},"end":{"line":59,"column":null}},"line":45},"4":{"name":"clearSearch","decl":{"start":{"line":61,"column":11},"end":{"line":61,"column":25}},"loc":{"start":{"line":61,"column":25},"end":{"line":64,"column":null}},"line":61}},"branchMap":{"0":{"loc":{"start":{"line":12,"column":2},"end":{"line":12,"column":null}},"type":"if","locations":[{"start":{"line":12,"column":2},"end":{"line":12,"column":null}},{"start":{},"end":{}}],"line":12},"1":{"loc":{"start":{"line":15,"column":4},"end":{"line":18,"column":null}},"type":"if","locations":[{"start":{"line":15,"column":4},"end":{"line":18,"column":null}},{"start":{},"end":{}}],"line":15},"2":{"loc":{"start":{"line":15,"column":8},"end":{"line":15,"column":28}},"type":"binary-expr","locations":[{"start":{"line":15,"column":8},"end":{"line":15,"column":14}},{"start":{"line":15,"column":14},"end":{"line":15,"column":28}}],"line":15},"3":{"loc":{"start":{"line":29,"column":26},"end":{"line":29,"column":null}},"type":"binary-expr","locations":[{"start":{"line":29,"column":26},"end":{"line":29,"column":46}},{"start":{"line":29,"column":46},"end":{"line":29,"column":null}}],"line":29}},"s":{"0":8,"1":8,"2":8,"3":8,"4":8,"5":8,"6":0,"7":5,"8":1,"9":1,"10":4,"11":4,"12":4,"13":4,"14":3,"15":3,"16":1,"17":1,"18":4,"19":8,"20":5,"21":5,"22":4,"23":4,"24":4,"25":3,"26":3,"27":3,"28":1,"29":1,"30":1,"31":1,"32":8},"f":{"0":8,"1":5,"2":5,"3":4,"4":1},"b":{"0":[0,8],"1":[1,4],"2":[5,5],"3":[3,0]},"meta":{"lastBranch":4,"lastFunction":5,"lastStatement":33,"seen":{"f:5:16:5:34":0,"s:6:8:6:Infinity":0,"s:7:8:7:Infinity":1,"s:8:8:8:Infinity":2,"s:9:8:9:Infinity":3,"s:11:16:11:Infinity":4,"b:12:2:12:Infinity:undefined:undefined:undefined:undefined":0,"s:12:2:12:Infinity":5,"s:12:14:12:Infinity":6,"f:14:17:14:34":1,"b:15:4:18:Infinity:undefined:undefined:undefined:undefined":1,"s:15:4:18:Infinity":7,"b:15:8:15:14:15:14:15:28":2,"s:16:6:16:Infinity":8,"s:17:6:17:Infinity":9,"s:19:4:19:Infinity":10,"s:20:4:35:Infinity":11,"s:21:21:26:Infinity":12,"s:27:18:27:Infinity":13,"s:28:19:28:Infinity":14,"s:29:6:29:Infinity":15,"b:29:26:29:46:29:46:29:Infinity":3,"s:31:6:31:Infinity":16,"s:32:6:32:Infinity":17,"s:34:6:34:Infinity":18,"s:38:8:38:Infinity":19,"f:40:11:40:25":2,"s:41:4:41:Infinity":20,"s:42:4:42:Infinity":21,"f:45:17:45:31":3,"s:46:4:58:Infinity":22,"s:47:21:50:Infinity":23,"s:51:18:51:Infinity":24,"s:52:41:52:Infinity":25,"s:53:6:53:Infinity":26,"s:54:6:54:Infinity":27,"s:56:6:56:Infinity":28,"s:57:6:57:Infinity":29,"f:61:11:61:25":4,"s:62:4:62:Infinity":30,"s:63:4:63:Infinity":31,"s:66:2:73:Infinity":32}}}
,"/Users/chefski/Documents/dev/travelWeb/stores/tripStore.ts": {"path":"/Users/chefski/Documents/dev/travelWeb/stores/tripStore.ts","statementMap":{"0":{"start":{"line":6,"column":13},"end":{"line":126,"column":null}},"1":{"start":{"line":7,"column":8},"end":{"line":9,"column":null}},"2":{"start":{"line":8,"column":39},"end":{"line":8,"column":54}},"3":{"start":{"line":8,"column":81},"end":{"line":8,"column":99}},"4":{"start":{"line":11,"column":8},"end":{"line":11,"column":null}},"5":{"start":{"line":13,"column":8},"end":{"line":16,"column":null}},"6":{"start":{"line":14,"column":4},"end":{"line":14,"column":null}},"7":{"start":{"line":14,"column":48},"end":{"line":14,"column":null}},"8":{"start":{"line":15,"column":4},"end":{"line":15,"column":null}},"9":{"start":{"line":18,"column":8},"end":{"line":21,"column":null}},"10":{"start":{"line":19,"column":4},"end":{"line":19,"column":null}},"11":{"start":{"line":19,"column":21},"end":{"line":19,"column":null}},"12":{"start":{"line":20,"column":4},"end":{"line":20,"column":null}},"13":{"start":{"line":20,"column":40},"end":{"line":20,"column":48}},"14":{"start":{"line":24,"column":28},"end":{"line":24,"column":null}},"15":{"start":{"line":25,"column":18},"end":{"line":25,"column":null}},"16":{"start":{"line":26,"column":16},"end":{"line":26,"column":null}},"17":{"start":{"line":27,"column":20},"end":{"line":27,"column":null}},"18":{"start":{"line":28,"column":4},"end":{"line":35,"column":null}},"19":{"start":{"line":28,"column":17},"end":{"line":28,"column":34}},"20":{"start":{"line":29,"column":6},"end":{"line":33,"column":null}},"21":{"start":{"line":34,"column":6},"end":{"line":34,"column":null}},"22":{"start":{"line":36,"column":4},"end":{"line":36,"column":null}},"23":{"start":{"line":40,"column":17},"end":{"line":40,"column":null}},"24":{"start":{"line":41,"column":4},"end":{"line":48,"column":null}},"25":{"start":{"line":49,"column":4},"end":{"line":49,"column":null}},"26":{"start":{"line":53,"column":4},"end":{"line":53,"column":null}},"27":{"start":{"line":57,"column":4},"end":{"line":57,"column":null}},"28":{"start":{"line":57,"column":42},"end":{"line":57,"column":null}},"29":{"start":{"line":58,"column":28},"end":{"line":62,"column":null}},"30":{"start":{"line":63,"column":4},"end":{"line":63,"column":null}},"31":{"start":{"line":64,"column":4},"end":{"line":64,"column":null}},"32":{"start":{"line":68,"column":4},"end":{"line":68,"column":null}},"33":{"start":{"line":68,"column":21},"end":{"line":68,"column":null}},"34":{"start":{"line":69,"column":16},"end":{"line":69,"column":null}},"35":{"start":{"line":70,"column":4},"end":{"line":70,"column":null}},"36":{"start":{"line":70,"column":40},"end":{"line":70,"column":56}},"37":{"start":{"line":71,"column":4},"end":{"line":71,"column":null}},"38":{"start":{"line":71,"column":34},"end":{"line":71,"column":46}},"39":{"start":{"line":72,"column":4},"end":{"line":72,"column":null}},"40":{"start":{"line":76,"column":4},"end":{"line":76,"column":null}},"41":{"start":{"line":76,"column":21},"end":{"line":76,"column":null}},"42":{"start":{"line":77,"column":4},"end":{"line":77,"column":null}},"43":{"start":{"line":77,"column":64},"end":{"line":77,"column":83}},"44":{"start":{"line":78,"column":4},"end":{"line":78,"column":null}},"45":{"start":{"line":82,"column":4},"end":{"line":82,"column":null}},"46":{"start":{"line":82,"column":21},"end":{"line":82,"column":null}},"47":{"start":{"line":84,"column":26},"end":{"line":84,"column":null}},"48":{"start":{"line":85,"column":4},"end":{"line":87,"column":null}},"49":{"start":{"line":86,"column":6},"end":{"line":86,"column":null}},"50":{"start":{"line":89,"column":20},"end":{"line":92,"column":null}},"51":{"start":{"line":90,"column":23},"end":{"line":90,"column":null}},"52":{"start":{"line":91,"column":6},"end":{"line":91,"column":null}},"53":{"start":{"line":94,"column":4},"end":{"line":101,"column":null}},"54":{"start":{"line":103,"column":4},"end":{"line":105,"column":null}},"55":{"start":{"line":104,"column":6},"end":{"line":104,"column":null}},"56":{"start":{"line":109,"column":4},"end":{"line":109,"column":null}},"57":{"start":{"line":110,"column":4},"end":{"line":110,"column":null}},"58":{"start":{"line":113,"column":2},"end":{"line":125,"column":null}},"59":{"start":{"line":128,"column":0},"end":{"line":130,"column":null}},"60":{"start":{"line":129,"column":2},"end":{"line":129,"column":null}}},"fnMap":{"0":{"name":"(anonymous_0)","decl":{"start":{"line":6,"column":48},"end":{"line":6,"column":54}},"loc":{"start":{"line":6,"column":54},"end":{"line":126,"column":1}},"line":6},"1":{"name":"(anonymous_1)","decl":{"start":{"line":8,"column":24},"end":{"line":8,"column":25}},"loc":{"start":{"line":8,"column":39},"end":{"line":8,"column":54}},"line":8},"2":{"name":"(anonymous_2)","decl":{"start":{"line":8,"column":61},"end":{"line":8,"column":62}},"loc":{"start":{"line":8,"column":81},"end":{"line":8,"column":99}},"line":8},"3":{"name":"(anonymous_3)","decl":{"start":{"line":13,"column":46},"end":{"line":13,"column":52}},"loc":{"start":{"line":13,"column":52},"end":{"line":16,"column":3}},"line":13},"4":{"name":"(anonymous_4)","decl":{"start":{"line":18,"column":38},"end":{"line":18,"column":44}},"loc":{"start":{"line":18,"column":44},"end":{"line":21,"column":3}},"line":18},"5":{"name":"(anonymous_5)","decl":{"start":{"line":20,"column":35},"end":{"line":20,"column":40}},"loc":{"start":{"line":20,"column":40},"end":{"line":20,"column":48}},"line":20},"6":{"name":"generateDays","decl":{"start":{"line":23,"column":11},"end":{"line":23,"column":24}},"loc":{"start":{"line":23,"column":71},"end":{"line":37,"column":null}},"line":23},"7":{"name":"createTrip","decl":{"start":{"line":39,"column":11},"end":{"line":39,"column":22}},"loc":{"start":{"line":39,"column":93},"end":{"line":50,"column":null}},"line":39},"8":{"name":"selectDay","decl":{"start":{"line":52,"column":11},"end":{"line":52,"column":21}},"loc":{"start":{"line":52,"column":36},"end":{"line":54,"column":null}},"line":52},"9":{"name":"addPlace","decl":{"start":{"line":56,"column":11},"end":{"line":56,"column":20}},"loc":{"start":{"line":56,"column":56},"end":{"line":65,"column":null}},"line":56},"10":{"name":"removePlace","decl":{"start":{"line":67,"column":11},"end":{"line":67,"column":23}},"loc":{"start":{"line":67,"column":58},"end":{"line":73,"column":null}},"line":67},"11":{"name":"(anonymous_11)","decl":{"start":{"line":70,"column":35},"end":{"line":70,"column":40}},"loc":{"start":{"line":70,"column":40},"end":{"line":70,"column":56}},"line":70},"12":{"name":"(anonymous_12)","decl":{"start":{"line":71,"column":23},"end":{"line":71,"column":24}},"loc":{"start":{"line":71,"column":34},"end":{"line":71,"column":46}},"line":71},"13":{"name":"reorderPlaces","decl":{"start":{"line":75,"column":11},"end":{"line":75,"column":25}},"loc":{"start":{"line":75,"column":63},"end":{"line":79,"column":null}},"line":75},"14":{"name":"(anonymous_14)","decl":{"start":{"line":77,"column":53},"end":{"line":77,"column":54}},"loc":{"start":{"line":77,"column":64},"end":{"line":77,"column":83}},"line":77},"15":{"name":"updateTrip","decl":{"start":{"line":81,"column":11},"end":{"line":81,"column":22}},"loc":{"start":{"line":81,"column":93},"end":{"line":106,"column":null}},"line":81},"16":{"name":"(anonymous_16)","decl":{"start":{"line":89,"column":57},"end":{"line":89,"column":58}},"loc":{"start":{"line":89,"column":66},"end":{"line":92,"column":5}},"line":89},"17":{"name":"clearTrip","decl":{"start":{"line":108,"column":11},"end":{"line":108,"column":23}},"loc":{"start":{"line":108,"column":23},"end":{"line":111,"column":null}},"line":108}},"branchMap":{"0":{"loc":{"start":{"line":14,"column":4},"end":{"line":14,"column":null}},"type":"if","locations":[{"start":{"line":14,"column":4},"end":{"line":14,"column":null}},{"start":{},"end":{}}],"line":14},"1":{"loc":{"start":{"line":14,"column":8},"end":{"line":14,"column":48}},"type":"binary-expr","locations":[{"start":{"line":14,"column":8},"end":{"line":14,"column":23}},{"start":{"line":14,"column":23},"end":{"line":14,"column":48}}],"line":14},"2":{"loc":{"start":{"line":15,"column":11},"end":{"line":15,"column":null}},"type":"binary-expr","locations":[{"start":{"line":15,"column":11},"end":{"line":15,"column":54}},{"start":{"line":15,"column":54},"end":{"line":15,"column":null}}],"line":15},"3":{"loc":{"start":{"line":19,"column":4},"end":{"line":19,"column":null}},"type":"if","locations":[{"start":{"line":19,"column":4},"end":{"line":19,"column":null}},{"start":{},"end":{}}],"line":19},"4":{"loc":{"start":{"line":44,"column":18},"end":{"line":44,"column":null}},"type":"binary-expr","locations":[{"start":{"line":44,"column":18},"end":{"line":44,"column":32}},{"start":{"line":44,"column":32},"end":{"line":44,"column":null}}],"line":44},"5":{"loc":{"start":{"line":57,"column":4},"end":{"line":57,"column":null}},"type":"if","locations":[{"start":{"line":57,"column":4},"end":{"line":57,"column":null}},{"start":{},"end":{}}],"line":57},"6":{"loc":{"start":{"line":57,"column":8},"end":{"line":57,"column":42}},"type":"binary-expr","locations":[{"start":{"line":57,"column":8},"end":{"line":57,"column":23}},{"start":{"line":57,"column":23},"end":{"line":57,"column":42}}],"line":57},"7":{"loc":{"start":{"line":68,"column":4},"end":{"line":68,"column":null}},"type":"if","locations":[{"start":{"line":68,"column":4},"end":{"line":68,"column":null}},{"start":{},"end":{}}],"line":68},"8":{"loc":{"start":{"line":76,"column":4},"end":{"line":76,"column":null}},"type":"if","locations":[{"start":{"line":76,"column":4},"end":{"line":76,"column":null}},{"start":{},"end":{}}],"line":76},"9":{"loc":{"start":{"line":82,"column":4},"end":{"line":82,"column":null}},"type":"if","locations":[{"start":{"line":82,"column":4},"end":{"line":82,"column":null}},{"start":{},"end":{}}],"line":82},"10":{"loc":{"start":{"line":91,"column":13},"end":{"line":91,"column":null}},"type":"cond-expr","locations":[{"start":{"line":91,"column":24},"end":{"line":91,"column":62}},{"start":{"line":91,"column":62},"end":{"line":91,"column":null}}],"line":91},"11":{"loc":{"start":{"line":99,"column":18},"end":{"line":99,"column":null}},"type":"binary-expr","locations":[{"start":{"line":99,"column":18},"end":{"line":99,"column":32}},{"start":{"line":99,"column":32},"end":{"line":99,"column":null}}],"line":99},"12":{"loc":{"start":{"line":103,"column":4},"end":{"line":105,"column":null}},"type":"if","locations":[{"start":{"line":103,"column":4},"end":{"line":105,"column":null}},{"start":{},"end":{}}],"line":103},"13":{"loc":{"start":{"line":128,"column":0},"end":{"line":130,"column":null}},"type":"if","locations":[{"start":{"line":128,"column":0},"end":{"line":130,"column":null}},{"start":{},"end":{}}],"line":128}},"s":{"0":10,"1":83,"2":368,"3":626,"4":83,"5":83,"6":219,"7":0,"8":219,"9":83,"10":6,"11":2,"12":4,"13":12,"14":72,"15":72,"16":72,"17":72,"18":72,"19":72,"20":684,"21":684,"22":72,"23":64,"24":64,"25":64,"26":10,"27":184,"28":1,"29":183,"30":183,"31":183,"32":5,"33":1,"34":4,"35":4,"36":8,"37":4,"38":4,"39":4,"40":5,"41":0,"42":5,"43":58,"44":5,"45":9,"46":1,"47":8,"48":8,"49":37,"50":8,"51":32,"52":32,"53":8,"54":9,"55":2,"56":23,"57":23,"58":83,"59":10,"60":10},"f":{"0":83,"1":368,"2":626,"3":219,"4":6,"5":12,"6":72,"7":64,"8":10,"9":184,"10":5,"11":8,"12":4,"13":5,"14":58,"15":9,"16":32,"17":23},"b":{"0":[0,219],"1":[219,219],"2":[219,0],"3":[2,4],"4":[64,60],"5":[1,183],"6":[184,183],"7":[1,4],"8":[0,5],"9":[1,8],"10":[27,5],"11":[8,7],"12":[2,7],"13":[10,0]},"meta":{"lastBranch":14,"lastFunction":18,"lastStatement":61,"seen":{"s:6:13:126:Infinity":0,"f:6:48:6:54":0,"s:7:8:9:Infinity":1,"f:8:24:8:25":1,"s:8:39:8:54":2,"f:8:61:8:62":2,"s:8:81:8:99":3,"s:11:8:11:Infinity":4,"s:13:8:16:Infinity":5,"f:13:46:13:52":3,"b:14:4:14:Infinity:undefined:undefined:undefined:undefined":0,"s:14:4:14:Infinity":6,"b:14:8:14:23:14:23:14:48":1,"s:14:48:14:Infinity":7,"s:15:4:15:Infinity":8,"b:15:11:15:54:15:54:15:Infinity":2,"s:18:8:21:Infinity":9,"f:18:38:18:44":4,"b:19:4:19:Infinity:undefined:undefined:undefined:undefined":3,"s:19:4:19:Infinity":10,"s:19:21:19:Infinity":11,"s:20:4:20:Infinity":12,"f:20:35:20:40":5,"s:20:40:20:48":13,"f:23:11:23:24":6,"s:24:28:24:Infinity":14,"s:25:18:25:Infinity":15,"s:26:16:26:Infinity":16,"s:27:20:27:Infinity":17,"s:28:4:35:Infinity":18,"s:28:17:28:34":19,"s:29:6:33:Infinity":20,"s:34:6:34:Infinity":21,"s:36:4:36:Infinity":22,"f:39:11:39:22":7,"s:40:17:40:Infinity":23,"s:41:4:48:Infinity":24,"b:44:18:44:32:44:32:44:Infinity":4,"s:49:4:49:Infinity":25,"f:52:11:52:21":8,"s:53:4:53:Infinity":26,"f:56:11:56:20":9,"b:57:4:57:Infinity:undefined:undefined:undefined:undefined":5,"s:57:4:57:Infinity":27,"b:57:8:57:23:57:23:57:42":6,"s:57:42:57:Infinity":28,"s:58:28:62:Infinity":29,"s:63:4:63:Infinity":30,"s:64:4:64:Infinity":31,"f:67:11:67:23":10,"b:68:4:68:Infinity:undefined:undefined:undefined:undefined":7,"s:68:4:68:Infinity":32,"s:68:21:68:Infinity":33,"s:69:16:69:Infinity":34,"s:70:4:70:Infinity":35,"f:70:35:70:40":11,"s:70:40:70:56":36,"s:71:4:71:Infinity":37,"f:71:23:71:24":12,"s:71:34:71:46":38,"s:72:4:72:Infinity":39,"f:75:11:75:25":13,"b:76:4:76:Infinity:undefined:undefined:undefined:undefined":8,"s:76:4:76:Infinity":40,"s:76:21:76:Infinity":41,"s:77:4:77:Infinity":42,"f:77:53:77:54":14,"s:77:64:77:83":43,"s:78:4:78:Infinity":44,"f:81:11:81:22":15,"b:82:4:82:Infinity:undefined:undefined:undefined:undefined":9,"s:82:4:82:Infinity":45,"s:82:21:82:Infinity":46,"s:84:26:84:Infinity":47,"s:85:4:87:Infinity":48,"s:86:6:86:Infinity":49,"s:89:20:92:Infinity":50,"f:89:57:89:58":16,"s:90:23:90:Infinity":51,"s:91:6:91:Infinity":52,"b:91:24:91:62:91:62:91:Infinity":10,"s:94:4:101:Infinity":53,"b:99:18:99:32:99:32:99:Infinity":11,"b:103:4:105:Infinity:undefined:undefined:undefined:undefined":12,"s:103:4:105:Infinity":54,"s:104:6:104:Infinity":55,"f:108:11:108:23":17,"s:109:4:109:Infinity":56,"s:110:4:110:Infinity":57,"s:113:2:125:Infinity":58,"b:128:0:130:Infinity:undefined:undefined:undefined:undefined":13,"s:128:0:130:Infinity":59,"s:129:2:129:Infinity":60}}}
}
